0 info it worked if it ends with ok
1 verbose cli [ '/usr/local/Cellar/node/6.3.0/bin/node',
1 verbose cli   '/usr/local/bin/npm',
1 verbose cli   'install' ]
2 info using npm@3.10.3
3 info using node@v6.3.0
4 silly loadCurrentTree Starting
5 silly install loadCurrentTree
6 silly install readLocalPackageData
7 silly install normalizeTree
8 silly loadCurrentTree Finishing
9 silly loadIdealTree Starting
10 silly install loadIdealTree
11 silly cloneCurrentTree Starting
12 silly install cloneCurrentTreeToIdealTree
13 silly cloneCurrentTree Finishing
14 silly loadShrinkwrap Starting
15 silly install loadShrinkwrap
16 silly loadShrinkwrap Finishing
17 silly loadAllDepsIntoIdealTree Starting
18 silly install loadAllDepsIntoIdealTree
19 silly loadAllDepsIntoIdealTree Finishing
20 silly loadIdealTree Finishing
21 silly currentTree angularjs-boilerplate@1.1.7
21 silly currentTree ├── abbrev@1.0.9
21 silly currentTree ├── accepts@1.3.3
21 silly currentTree ├── after@0.8.1
21 silly currentTree ├── align-text@0.1.4
21 silly currentTree ├── amdefine@1.0.0
21 silly currentTree ├── ansi-regex@2.0.0
21 silly currentTree ├── ansi-styles@2.2.1
21 silly currentTree ├── ansicolors@0.2.1
21 silly currentTree ├── aproba@1.0.4
21 silly currentTree ├── archive-type@3.2.0
21 silly currentTree ├── archy@1.0.0
21 silly currentTree ├── are-we-there-yet@1.1.2
21 silly currentTree ├── argh@0.1.4
21 silly currentTree ├── argparse@1.0.7
21 silly currentTree ├── arr-diff@2.0.0
21 silly currentTree ├── arr-flatten@1.0.1
21 silly currentTree ├── array-differ@1.0.0
21 silly currentTree ├── array-find-index@1.0.1
21 silly currentTree ├── array-index@1.0.0
21 silly currentTree ├── array-union@1.0.2
21 silly currentTree ├── array-uniq@1.0.3
21 silly currentTree ├── array-unique@0.2.1
21 silly currentTree ├── arraybuffer.slice@0.0.6
21 silly currentTree ├── arrify@1.0.1
21 silly currentTree ├── asn1@0.1.11
21 silly currentTree ├── assert-plus@0.1.5
21 silly currentTree ├── async-each-series@1.1.0
21 silly currentTree ├── async-foreach@0.1.3
21 silly currentTree ├─┬ async@2.0.1
21 silly currentTree │ └── lodash@4.15.0
21 silly currentTree ├── autoprefixer-core@5.2.1
21 silly currentTree ├── aws-sign2@0.6.0
21 silly currentTree ├── aws4@1.4.1
21 silly currentTree ├── backo2@1.0.2
21 silly currentTree ├── balanced-match@0.4.2
21 silly currentTree ├── base64-arraybuffer@0.1.2
21 silly currentTree ├── base64id@0.1.0
21 silly currentTree ├── batch@0.5.3
21 silly currentTree ├─┬ bcrypt-pbkdf@1.0.0
21 silly currentTree │ └── tweetnacl@0.14.3
21 silly currentTree ├── beeper@1.1.0
21 silly currentTree ├── benchmark@1.0.0
21 silly currentTree ├── better-assert@1.0.2
21 silly currentTree ├── bin-build@2.2.0
21 silly currentTree ├── bin-check@2.0.0
21 silly currentTree ├── bin-version-check@2.1.0
21 silly currentTree ├── bin-version@1.0.4
21 silly currentTree ├── bin-wrapper@3.0.2
21 silly currentTree ├── bl@1.0.3
21 silly currentTree ├── blob@0.0.4
21 silly currentTree ├─┬ block-stream@0.0.9
21 silly currentTree │ └── inherits@2.0.1
21 silly currentTree ├── bluebird@3.4.6
21 silly currentTree ├─┬ body-parser@1.8.4
21 silly currentTree │ ├── depd@0.4.5
21 silly currentTree │ ├── ee-first@1.0.5
21 silly currentTree │ ├── on-finished@2.1.0
21 silly currentTree │ └── qs@2.2.4
21 silly currentTree ├── boom@2.10.1
21 silly currentTree ├── brace-expansion@1.1.6
21 silly currentTree ├── braces@1.8.5
21 silly currentTree ├── browser-sync-client@1.0.2
21 silly currentTree ├── browser-sync@1.9.2
21 silly currentTree ├── browserify-zlib@0.1.4
21 silly currentTree ├── browserslist@0.4.0
21 silly currentTree ├── buffer-crc32@0.2.5
21 silly currentTree ├─┬ buffer-to-vinyl@1.1.0
21 silly currentTree │ └── vinyl@1.2.0
21 silly currentTree ├── bufferstreams@1.1.1
21 silly currentTree ├── builtin-modules@1.1.1
21 silly currentTree ├── bytes@1.0.0
21 silly currentTree ├── callsite@1.0.0
21 silly currentTree ├── camelcase-keys@1.0.0
21 silly currentTree ├── camelcase@1.2.1
21 silly currentTree ├── caniuse-db@1.0.30000527
21 silly currentTree ├── capture-stack-trace@1.0.0
21 silly currentTree ├── cardinal@0.5.0
21 silly currentTree ├── caseless@0.11.0
21 silly currentTree ├─┬ caw@1.2.0
21 silly currentTree │ └── object-assign@3.0.0
21 silly currentTree ├── center-align@0.1.3
21 silly currentTree ├── chalk@1.1.3
21 silly currentTree ├── clap@1.1.1
21 silly currentTree ├─┬ clean-css@3.4.19
21 silly currentTree │ ├── commander@2.8.1
21 silly currentTree │ └── source-map@0.4.4
21 silly currentTree ├── cli-color@1.1.0
21 silly currentTree ├─┬ cli-table@0.3.1
21 silly currentTree │ └── colors@1.0.3
21 silly currentTree ├─┬ cli-usage@0.1.2
21 silly currentTree │ └── minimist@0.2.0
21 silly currentTree ├── cliui@3.2.0
21 silly currentTree ├── clone-stats@0.0.1
21 silly currentTree ├── clone@1.0.2
21 silly currentTree ├── co@3.1.0
21 silly currentTree ├── coa@1.0.1
21 silly currentTree ├── code-point-at@1.0.0
21 silly currentTree ├── color-convert@0.5.3
21 silly currentTree ├── color-name@1.1.1
21 silly currentTree ├── color-string@0.3.0
21 silly currentTree ├── color@0.8.0
21 silly currentTree ├── colornames@0.0.2
21 silly currentTree ├── colors@1.1.2
21 silly currentTree ├── colorspace@1.0.1
21 silly currentTree ├── combined-stream@1.0.5
21 silly currentTree ├── commander@2.9.0
21 silly currentTree ├── component-bind@1.0.0
21 silly currentTree ├── component-emitter@1.1.2
21 silly currentTree ├── component-inherit@0.0.3
21 silly currentTree ├── concat-map@0.0.1
21 silly currentTree ├─┬ concat-stream@1.5.2
21 silly currentTree │ └── inherits@2.0.1
21 silly currentTree ├── concat-with-sourcemaps@1.0.4
21 silly currentTree ├── connect-livereload@0.5.4
21 silly currentTree ├── connect@3.4.1
21 silly currentTree ├── console-control-strings@1.1.0
21 silly currentTree ├── console-stream@0.1.1
21 silly currentTree ├── convert-source-map@1.3.0
21 silly currentTree ├── cookie@0.1.5
21 silly currentTree ├── core-util-is@1.0.2
21 silly currentTree ├── create-error-class@3.0.2
21 silly currentTree ├─┬ cross-spawn@3.0.1
21 silly currentTree │ └── lru-cache@4.0.1
21 silly currentTree ├── cryptiles@2.0.5
21 silly currentTree ├── csso@2.0.0
21 silly currentTree ├── ctype@0.5.3
21 silly currentTree ├── currently-unhandled@0.4.1
21 silly currentTree ├── d@0.1.1
21 silly currentTree ├─┬ dashdash@1.14.0
21 silly currentTree │ └── assert-plus@1.0.0
21 silly currentTree ├─┬ dateformat@1.0.12
21 silly currentTree │ ├── camelcase-keys@2.1.0
21 silly currentTree │ ├── camelcase@2.1.1
21 silly currentTree │ ├── meow@3.7.0
21 silly currentTree │ └── object-assign@4.1.0
21 silly currentTree ├── deap@1.0.0
21 silly currentTree ├── debug@2.2.0
21 silly currentTree ├── decamelize@1.2.0
21 silly currentTree ├─┬ decompress-tar@3.1.0
21 silly currentTree │ ├── clone@0.2.0
21 silly currentTree │ ├── inherits@2.0.1
21 silly currentTree │ ├── isarray@0.0.1
21 silly currentTree │ ├── readable-stream@1.0.34
21 silly currentTree │ ├── through2@0.6.5
21 silly currentTree │ └── vinyl@0.4.6
21 silly currentTree ├─┬ decompress-tarbz2@3.1.0
21 silly currentTree │ ├── clone@0.2.0
21 silly currentTree │ ├── inherits@2.0.1
21 silly currentTree │ ├── isarray@0.0.1
21 silly currentTree │ ├── readable-stream@1.0.34
21 silly currentTree │ ├── through2@0.6.5
21 silly currentTree │ └── vinyl@0.4.6
21 silly currentTree ├─┬ decompress-targz@3.1.0
21 silly currentTree │ ├── clone@0.2.0
21 silly currentTree │ ├── inherits@2.0.1
21 silly currentTree │ ├── isarray@0.0.1
21 silly currentTree │ ├── readable-stream@1.0.34
21 silly currentTree │ ├── through2@0.6.5
21 silly currentTree │ └── vinyl@0.4.6
21 silly currentTree ├─┬ decompress-unzip@3.4.0
21 silly currentTree │ └── vinyl@1.2.0
21 silly currentTree ├─┬ decompress@3.0.0
21 silly currentTree │ ├─┬ glob-stream@5.3.4
21 silly currentTree │ │ ├── readable-stream@1.0.34
21 silly currentTree │ │ └── through2@0.6.5
21 silly currentTree │ ├── glob@5.0.15
21 silly currentTree │ ├── graceful-fs@4.1.6
21 silly currentTree │ ├── inherits@2.0.1
21 silly currentTree │ ├── isarray@0.0.1
21 silly currentTree │ ├── merge-stream@1.0.0
21 silly currentTree │ ├── object-assign@4.1.0
21 silly currentTree │ ├── ordered-read-streams@0.3.0
21 silly currentTree │ ├── unique-stream@2.2.1
21 silly currentTree │ ├── vinyl-fs@2.4.3
21 silly currentTree │ └── vinyl@1.2.0
21 silly currentTree ├── deep-extend@0.4.1
21 silly currentTree ├── defaults@1.0.3
21 silly currentTree ├─┬ del@1.2.1
21 silly currentTree │ └── object-assign@3.0.0
21 silly currentTree ├── delayed-stream@1.0.0
21 silly currentTree ├── delegates@1.0.0
21 silly currentTree ├── depd@1.1.0
21 silly currentTree ├── deprecated@0.0.1
21 silly currentTree ├── destroy@1.0.4
21 silly currentTree ├── detect-file@0.1.0
21 silly currentTree ├─┬ dev-ip@0.1.7
21 silly currentTree │ └── lodash@2.2.1
21 silly currentTree ├── diagnostics@1.0.1
21 silly currentTree ├─┬ dom-serializer@0.1.0
21 silly currentTree │ └── domelementtype@1.1.3
21 silly currentTree ├── domelementtype@1.3.0
21 silly currentTree ├── domhandler@2.3.0
21 silly currentTree ├── domutils@1.5.1
21 silly currentTree ├─┬ download@4.4.3
21 silly currentTree │ ├─┬ glob-stream@5.3.4
21 silly currentTree │ │ ├── readable-stream@1.0.34
21 silly currentTree │ │ └── through2@0.6.5
21 silly currentTree │ ├── glob@5.0.15
21 silly currentTree │ ├── graceful-fs@4.1.6
21 silly currentTree │ ├── inherits@2.0.1
21 silly currentTree │ ├── isarray@0.0.1
21 silly currentTree │ ├── merge-stream@1.0.0
21 silly currentTree │ ├── object-assign@4.1.0
21 silly currentTree │ ├── ordered-read-streams@0.3.0
21 silly currentTree │ ├── unique-stream@2.2.1
21 silly currentTree │ ├── vinyl-fs@2.4.3
21 silly currentTree │ └── vinyl@1.2.0
21 silly currentTree ├── duplexer@0.1.1
21 silly currentTree ├─┬ duplexer2@0.0.2
21 silly currentTree │ ├── inherits@2.0.1
21 silly currentTree │ ├── isarray@0.0.1
21 silly currentTree │ └── readable-stream@1.1.14
21 silly currentTree ├─┬ duplexify@3.4.5
21 silly currentTree │ ├── end-of-stream@1.0.0
21 silly currentTree │ └── inherits@2.0.1
21 silly currentTree ├── each-async@1.1.1
21 silly currentTree ├─┬ easy-extender@2.3.2
21 silly currentTree │ └── lodash@3.10.1
21 silly currentTree ├── eazy-logger@2.1.3
21 silly currentTree ├── ecc-jsbn@0.1.1
21 silly currentTree ├── ee-first@1.1.1
21 silly currentTree ├── emits@3.0.0
21 silly currentTree ├── emitter-steward@0.0.1
21 silly currentTree ├── enabled@1.0.2
21 silly currentTree ├── encodeurl@1.0.1
21 silly currentTree ├── end-of-stream@0.1.5
21 silly currentTree ├─┬ engine.io-client@1.6.11
21 silly currentTree │ └── ws@1.0.1
21 silly currentTree ├─┬ engine.io-parser@1.2.4
21 silly currentTree │ ├── has-binary@0.1.6
21 silly currentTree │ └── isarray@0.0.1
21 silly currentTree ├─┬ engine.io@1.6.11
21 silly currentTree │ ├── accepts@1.1.4
21 silly currentTree │ ├── mime-db@1.12.0
21 silly currentTree │ ├── mime-types@2.0.14
21 silly currentTree │ └── negotiator@0.4.9
21 silly currentTree ├── entities@1.1.1
21 silly currentTree ├── env-variable@0.0.3
21 silly currentTree ├── error-ex@1.3.0
21 silly currentTree ├── es5-ext@0.10.12
21 silly currentTree ├── es6-iterator@2.0.0
21 silly currentTree ├── es6-promise@2.3.0
21 silly currentTree ├── es6-symbol@3.1.0
21 silly currentTree ├─┬ es6-weak-map@0.1.4
21 silly currentTree │ ├── es6-iterator@0.1.3
21 silly currentTree │ └── es6-symbol@2.0.1
21 silly currentTree ├── escape-html@1.0.3
21 silly currentTree ├── escape-string-regexp@1.0.5
21 silly currentTree ├── esprima@2.7.3
21 silly currentTree ├── etag@1.7.0
21 silly currentTree ├── event-emitter@0.3.4
21 silly currentTree ├── event-stream@3.3.2
21 silly currentTree ├── eventemitter3@1.2.0
21 silly currentTree ├── exec-buffer@2.0.1
21 silly currentTree ├─┬ exec-series@1.0.3
21 silly currentTree │ └── object-assign@4.1.0
21 silly currentTree ├─┬ executable@1.1.0
21 silly currentTree │ ├── camelcase-keys@2.1.0
21 silly currentTree │ ├── camelcase@2.1.1
21 silly currentTree │ ├── meow@3.7.0
21 silly currentTree │ └── object-assign@4.1.0
21 silly currentTree ├── expand-brackets@0.1.5
21 silly currentTree ├── expand-range@1.8.2
21 silly currentTree ├── expand-tilde@1.2.2
21 silly currentTree ├── extend-shallow@2.0.1
21 silly currentTree ├── extend@3.0.0
21 silly currentTree ├── extglob@0.3.2
21 silly currentTree ├─┬ extract-zip@1.5.0
21 silly currentTree │ ├── concat-stream@1.5.0
21 silly currentTree │ ├── debug@0.7.4
21 silly currentTree │ ├── inherits@2.0.1
21 silly currentTree │ ├── minimist@0.0.8
21 silly currentTree │ ├── mkdirp@0.5.0
21 silly currentTree │ └── yauzl@2.4.1
21 silly currentTree ├── extsprintf@1.0.2
21 silly currentTree ├── fancy-log@1.2.0
21 silly currentTree ├── faye-websocket@0.7.3
21 silly currentTree ├── fd-slicer@1.0.1
21 silly currentTree ├─┬ figures@1.7.0
21 silly currentTree │ └── object-assign@4.1.0
21 silly currentTree ├── file-type@3.8.0
21 silly currentTree ├── filename-regex@2.0.0
21 silly currentTree ├── filename-reserved-regex@1.0.0
21 silly currentTree ├── filenamify@1.2.1
21 silly currentTree ├── fill-range@2.2.3
21 silly currentTree ├── finalhandler@0.4.1
21 silly currentTree ├── find-index@0.1.1
21 silly currentTree ├── find-up@1.1.2
21 silly currentTree ├─┬ find-versions@1.2.1
21 silly currentTree │ ├── camelcase-keys@2.1.0
21 silly currentTree │ ├── camelcase@2.1.1
21 silly currentTree │ ├── meow@3.7.0
21 silly currentTree │ └── object-assign@4.1.0
21 silly currentTree ├── findup-sync@0.4.2
21 silly currentTree ├─┬ fined@1.0.1
21 silly currentTree │ └── lodash.isarray@4.0.0
21 silly currentTree ├── first-chunk-stream@1.0.0
21 silly currentTree ├── flagged-respawn@0.3.2
21 silly currentTree ├── for-in@0.1.5
21 silly currentTree ├── for-own@0.1.4
21 silly currentTree ├── forever-agent@0.6.1
21 silly currentTree ├── fork-stream@0.0.4
21 silly currentTree ├── form-data@1.0.1
21 silly currentTree ├─┬ foxy@7.1.0
21 silly currentTree │ └── dev-ip@1.0.1
21 silly currentTree ├── fresh@0.3.0
21 silly currentTree ├── from@0.1.3
21 silly currentTree ├── fs-exists-sync@0.1.0
21 silly currentTree ├─┬ fs-extra@0.30.0
21 silly currentTree │ └── graceful-fs@4.1.6
21 silly currentTree ├── fs.realpath@1.0.0
21 silly currentTree ├─┬ fstream@1.0.10
21 silly currentTree │ ├── graceful-fs@4.1.6
21 silly currentTree │ └── inherits@2.0.1
21 silly currentTree ├─┬ gauge@2.6.0
21 silly currentTree │ └── object-assign@4.1.0
21 silly currentTree ├── gaze@0.5.2
21 silly currentTree ├── generate-function@2.0.0
21 silly currentTree ├── generate-object-property@1.2.0
21 silly currentTree ├── get-caller-file@1.0.2
21 silly currentTree ├── get-proxy@1.1.0
21 silly currentTree ├── get-stdin@4.0.1
21 silly currentTree ├─┬ getpass@0.1.6
21 silly currentTree │ └── assert-plus@1.0.0
21 silly currentTree ├── gifsicle@3.0.3
21 silly currentTree ├── glob-base@0.3.0
21 silly currentTree ├── glob-parent@2.0.0
21 silly currentTree ├─┬ glob-stream@3.1.18
21 silly currentTree │ ├── glob@4.5.3
21 silly currentTree │ ├── inherits@2.0.1
21 silly currentTree │ ├── isarray@0.0.1
21 silly currentTree │ ├── readable-stream@1.0.34
21 silly currentTree │ └── through2@0.6.5
21 silly currentTree ├── glob-watcher@0.0.7
21 silly currentTree ├─┬ glob@3.1.21
21 silly currentTree │ └── minimatch@0.2.14
21 silly currentTree ├── glob2base@0.0.12
21 silly currentTree ├── global-modules@0.2.3
21 silly currentTree ├── global-prefix@0.1.4
21 silly currentTree ├─┬ globby@2.1.0
21 silly currentTree │ ├── async@1.5.2
21 silly currentTree │ ├── glob@5.0.15
21 silly currentTree │ ├── inherits@2.0.1
21 silly currentTree │ └── object-assign@3.0.0
21 silly currentTree ├─┬ globule@0.1.0
21 silly currentTree │ ├── lodash@1.0.2
21 silly currentTree │ └── minimatch@0.2.14
21 silly currentTree ├── glogg@1.0.0
21 silly currentTree ├─┬ got@5.6.0
21 silly currentTree │ ├── duplexer2@0.1.4
21 silly currentTree │ └── object-assign@4.1.0
21 silly currentTree ├── graceful-fs@1.2.3
21 silly currentTree ├── graceful-readlink@1.0.1
21 silly currentTree ├── growly@1.3.0
21 silly currentTree ├── gulp-angular-templatecache@1.9.1
21 silly currentTree ├─┬ gulp-autoprefixer@2.3.1
21 silly currentTree │ ├── inherits@2.0.1
21 silly currentTree │ ├── isarray@0.0.1
21 silly currentTree │ ├── readable-stream@1.0.34
21 silly currentTree │ └── through2@0.6.5
21 silly currentTree ├── gulp-changed@1.3.2
21 silly currentTree ├─┬ gulp-concat@2.6.0
21 silly currentTree │ ├── inherits@2.0.1
21 silly currentTree │ ├── isarray@0.0.1
21 silly currentTree │ ├── readable-stream@1.0.34
21 silly currentTree │ └── through2@0.6.5
21 silly currentTree ├── gulp-decompress@1.2.0
21 silly currentTree ├─┬ gulp-filter@2.0.2
21 silly currentTree │ ├── inherits@2.0.1
21 silly currentTree │ ├── isarray@0.0.1
21 silly currentTree │ ├── readable-stream@1.0.34
21 silly currentTree │ └── through2@0.6.5
21 silly currentTree ├── gulp-footer@1.0.5
21 silly currentTree ├── gulp-header@1.8.2
21 silly currentTree ├─┬ gulp-html-replace@1.6.1
21 silly currentTree │ └── object-assign@4.1.0
21 silly currentTree ├─┬ gulp-imagemin@2.4.0
21 silly currentTree │ └── object-assign@4.1.0
21 silly currentTree ├─┬ gulp-load-plugins@0.10.0
21 silly currentTree │ ├── findup-sync@0.2.1
21 silly currentTree │ ├── glob@4.3.5
21 silly currentTree │ ├── inherits@2.0.1
21 silly currentTree │ └── multimatch@2.0.0
21 silly currentTree ├─┬ gulp-minify-css@0.4.6
21 silly currentTree │ ├── inherits@2.0.1
21 silly currentTree │ ├── isarray@0.0.1
21 silly currentTree │ ├── readable-stream@1.0.34
21 silly currentTree │ └── through2@0.6.5
21 silly currentTree ├─┬ gulp-minify-html@0.1.8
21 silly currentTree │ ├── ansi-regex@0.2.1
21 silly currentTree │ ├── ansi-styles@1.1.0
21 silly currentTree │ ├── chalk@0.5.1
21 silly currentTree │ ├── gulp-util@2.2.20
21 silly currentTree │ ├── has-ansi@0.1.0
21 silly currentTree │ ├── inherits@2.0.1
21 silly currentTree │ ├── isarray@0.0.1
21 silly currentTree │ ├── lodash._reinterpolate@2.4.1
21 silly currentTree │ ├── lodash.escape@2.4.1
21 silly currentTree │ ├── lodash.keys@2.4.1
21 silly currentTree │ ├── lodash.template@2.4.1
21 silly currentTree │ ├── lodash.templatesettings@2.4.1
21 silly currentTree │ ├── minimist@0.2.0
21 silly currentTree │ ├── readable-stream@1.0.34
21 silly currentTree │ ├── strip-ansi@0.3.0
21 silly currentTree │ ├── supports-color@0.2.0
21 silly currentTree │ ├── through2@0.5.1
21 silly currentTree │ ├── vinyl@0.2.3
21 silly currentTree │ └── xtend@3.0.0
21 silly currentTree ├─┬ gulp-notify@2.2.0
21 silly currentTree │ ├── inherits@2.0.1
21 silly currentTree │ ├── isarray@0.0.1
21 silly currentTree │ ├── readable-stream@1.0.34
21 silly currentTree │ └── through2@0.6.5
21 silly currentTree ├── gulp-rename@1.2.2
21 silly currentTree ├─┬ gulp-rev@3.0.1
21 silly currentTree │ ├── inherits@2.0.1
21 silly currentTree │ ├── isarray@0.0.1
21 silly currentTree │ ├── readable-stream@1.0.34
21 silly currentTree │ └── through2@0.6.5
21 silly currentTree ├─┬ gulp-sass@2.3.2
21 silly currentTree │ ├── lodash.clonedeep@4.5.0
21 silly currentTree │ └── vinyl-sourcemaps-apply@0.2.1
21 silly currentTree ├── gulp-size@1.3.0
21 silly currentTree ├─┬ gulp-sourcemaps@1.6.0
21 silly currentTree │ ├── graceful-fs@4.1.6
21 silly currentTree │ └── vinyl@1.2.0
21 silly currentTree ├─┬ gulp-uglify@1.5.4
21 silly currentTree │ └── vinyl-sourcemaps-apply@0.2.1
21 silly currentTree ├─┬ gulp-uncss@1.0.6
21 silly currentTree │ └── object-assign@4.1.0
21 silly currentTree ├─┬ gulp-usemin@0.3.24
21 silly currentTree │ ├── ansi-regex@0.2.1
21 silly currentTree │ ├── ansi-styles@1.1.0
21 silly currentTree │ ├── glob@4.0.6
21 silly currentTree │ ├── graceful-fs@3.0.11
21 silly currentTree │ ├─┬ gulp-concat@2.4.3
21 silly currentTree │ │ ├── gulp-util@3.0.7
21 silly currentTree │ │ └── through2@2.0.1
21 silly currentTree │ ├─┬ gulp-util@2.2.20
21 silly currentTree │ │ ├── chalk@0.5.1
21 silly currentTree │ │ ├── lodash._reinterpolate@2.4.1
21 silly currentTree │ │ ├── lodash.template@2.4.1
21 silly currentTree │ │ ├── minimist@0.2.0
21 silly currentTree │ │ └── vinyl@0.2.3
21 silly currentTree │ ├── has-ansi@0.1.0
21 silly currentTree │ ├── inherits@2.0.1
21 silly currentTree │ ├── isarray@0.0.1
21 silly currentTree │ ├── lodash.escape@2.4.1
21 silly currentTree │ ├── lodash.keys@2.4.1
21 silly currentTree │ ├─┬ lodash.templatesettings@2.4.1
21 silly currentTree │ │ └── lodash._reinterpolate@2.4.1
21 silly currentTree │ ├── minimatch@1.0.0
21 silly currentTree │ ├── object-assign@3.0.0
21 silly currentTree │ ├── strip-ansi@0.3.0
21 silly currentTree │ ├── supports-color@0.2.0
21 silly currentTree │ └─┬ through2@0.5.1
21 silly currentTree │   ├── readable-stream@1.0.34
21 silly currentTree │   └── xtend@3.0.0
21 silly currentTree ├─┬ gulp-util@3.0.7
21 silly currentTree │ └── object-assign@3.0.0
21 silly currentTree ├── gulp@3.9.1
21 silly currentTree ├── gulplog@1.0.0
21 silly currentTree ├── gzip-size@1.0.0
21 silly currentTree ├── har-validator@2.0.6
21 silly currentTree ├── has-ansi@2.0.0
21 silly currentTree ├─┬ has-binary@0.1.7
21 silly currentTree │ └── isarray@0.0.1
21 silly currentTree ├── has-color@0.1.7
21 silly currentTree ├── has-cors@1.1.0
21 silly currentTree ├── has-flag@1.0.0
21 silly currentTree ├── has-gulplog@0.1.0
21 silly currentTree ├── has-unicode@2.0.1
21 silly currentTree ├── hasha@2.2.0
21 silly currentTree ├── hawk@3.1.3
21 silly currentTree ├── hoek@2.16.3
21 silly currentTree ├── hosted-git-info@2.1.5
21 silly currentTree ├── html-tags@1.1.1
21 silly currentTree ├─┬ htmlparser2@3.9.1
21 silly currentTree │ └── inherits@2.0.1
21 silly currentTree ├─┬ http-errors@1.5.0
21 silly currentTree │ └── inherits@2.0.1
21 silly currentTree ├── http-proxy@1.14.0
21 silly currentTree ├── http-signature@0.11.0
21 silly currentTree ├── iconv-lite@0.4.4
21 silly currentTree ├─┬ imagemin-gifsicle@4.2.0
21 silly currentTree │ ├── inherits@2.0.1
21 silly currentTree │ ├── isarray@0.0.1
21 silly currentTree │ ├── readable-stream@1.0.34
21 silly currentTree │ └── through2@0.6.5
21 silly currentTree ├── imagemin-jpegtran@4.3.2
21 silly currentTree ├─┬ imagemin-optipng@4.3.0
21 silly currentTree │ ├── inherits@2.0.1
21 silly currentTree │ ├── isarray@0.0.1
21 silly currentTree │ ├── readable-stream@1.0.34
21 silly currentTree │ └── through2@0.6.5
21 silly currentTree ├── imagemin-svgo@4.2.1
21 silly currentTree ├─┬ imagemin@4.0.0
21 silly currentTree │ ├─┬ glob-stream@5.3.4
21 silly currentTree │ │ ├── readable-stream@1.0.34
21 silly currentTree │ │ └── through2@0.6.5
21 silly currentTree │ ├── glob@5.0.15
21 silly currentTree │ ├── graceful-fs@4.1.6
21 silly currentTree │ ├── inherits@2.0.1
21 silly currentTree │ ├── isarray@0.0.1
21 silly currentTree │ ├── merge-stream@1.0.0
21 silly currentTree │ ├── object-assign@4.1.0
21 silly currentTree │ ├── ordered-read-streams@0.3.0
21 silly currentTree │ ├── unique-stream@2.2.1
21 silly currentTree │ ├── vinyl-fs@2.4.3
21 silly currentTree │ └── vinyl@1.2.0
21 silly currentTree ├── immutable@3.8.1
21 silly currentTree ├── in-publish@2.0.0
21 silly currentTree ├── indent-string@1.2.2
21 silly currentTree ├── indexof@0.0.1
21 silly currentTree ├── inflight@1.0.5
21 silly currentTree ├── inherits@1.0.2
21 silly currentTree ├── ini@1.3.4
21 silly currentTree ├── interpret@1.0.1
21 silly currentTree ├── invert-kv@1.0.0
21 silly currentTree ├── ip-regex@1.0.3
21 silly currentTree ├── irregular-plurals@1.2.0
21 silly currentTree ├── is-absolute-url@2.0.0
21 silly currentTree ├─┬ is-absolute@0.2.5
21 silly currentTree │ └── is-windows@0.1.1
21 silly currentTree ├── is-arrayish@0.2.1
21 silly currentTree ├── is-buffer@1.1.4
21 silly currentTree ├── is-builtin-module@1.0.0
21 silly currentTree ├── is-bzip2@1.0.0
21 silly currentTree ├── is-dotfile@1.0.2
21 silly currentTree ├── is-equal-shallow@0.1.3
21 silly currentTree ├── is-extendable@0.1.1
21 silly currentTree ├── is-extglob@1.0.0
21 silly currentTree ├── is-finite@1.0.1
21 silly currentTree ├── is-fullwidth-code-point@1.0.0
21 silly currentTree ├── is-gif@1.0.0
21 silly currentTree ├── is-glob@2.0.1
21 silly currentTree ├── is-gzip@1.0.0
21 silly currentTree ├── is-html@1.0.0
21 silly currentTree ├── is-jpg@1.0.0
21 silly currentTree ├── is-my-json-valid@2.13.1
21 silly currentTree ├── is-natural-number@2.1.1
21 silly currentTree ├── is-number@2.1.0
21 silly currentTree ├── is-obj@1.0.1
21 silly currentTree ├── is-path-cwd@1.0.0
21 silly currentTree ├── is-path-in-cwd@1.0.0
21 silly currentTree ├── is-path-inside@1.0.0
21 silly currentTree ├── is-plain-obj@1.1.0
21 silly currentTree ├── is-png@1.0.0
21 silly currentTree ├── is-posix-bracket@0.1.1
21 silly currentTree ├── is-primitive@2.0.0
21 silly currentTree ├── is-property@1.0.2
21 silly currentTree ├── is-redirect@1.0.0
21 silly currentTree ├── is-relative@0.2.1
21 silly currentTree ├── is-retry-allowed@1.1.0
21 silly currentTree ├── is-stream@1.1.0
21 silly currentTree ├── is-svg@1.1.1
21 silly currentTree ├── is-tar@1.0.0
21 silly currentTree ├── is-typedarray@1.0.0
21 silly currentTree ├── is-unc-path@0.1.1
21 silly currentTree ├── is-url@1.2.2
21 silly currentTree ├── is-utf8@0.2.1
21 silly currentTree ├── is-valid-glob@0.3.0
21 silly currentTree ├── is-windows@0.2.0
21 silly currentTree ├── is-zip@1.0.0
21 silly currentTree ├── is@3.1.0
21 silly currentTree ├── isarray@1.0.0
21 silly currentTree ├── isexe@1.1.2
21 silly currentTree ├── isobject@2.1.0
21 silly currentTree ├── isstream@0.1.2
21 silly currentTree ├── jodid25519@1.0.2
21 silly currentTree ├── jpegtran-bin@3.1.0
21 silly currentTree ├── js-base64@2.1.9
21 silly currentTree ├── js-string-escape@1.0.1
21 silly currentTree ├── js-yaml@3.6.1
21 silly currentTree ├── jsbn@0.1.0
21 silly currentTree ├── json-schema@0.2.2
21 silly currentTree ├── json-stable-stringify@1.0.1
21 silly currentTree ├── json-stringify-safe@5.0.1
21 silly currentTree ├── json3@3.2.6
21 silly currentTree ├── jsonfile@2.3.1
21 silly currentTree ├── jsonify@0.0.0
21 silly currentTree ├── jsonpointer@2.0.0
21 silly currentTree ├── jsprim@1.3.0
21 silly currentTree ├── kew@0.7.0
21 silly currentTree ├── kind-of@3.0.4
21 silly currentTree ├── klaw@1.3.0
21 silly currentTree ├── kuler@0.0.0
21 silly currentTree ├── lazy-cache@1.0.4
21 silly currentTree ├── lazy-req@1.1.0
21 silly currentTree ├── lazystream@1.0.0
21 silly currentTree ├── lcid@1.0.0
21 silly currentTree ├── liftoff@2.3.0
21 silly currentTree ├── linerstream@0.1.4
21 silly currentTree ├── livereload-js@2.2.2
21 silly currentTree ├─┬ load-json-file@1.1.0
21 silly currentTree │ └── graceful-fs@4.1.6
21 silly currentTree ├── localtunnel@1.8.1
21 silly currentTree ├── lodash._arraycopy@3.0.0
21 silly currentTree ├── lodash._arrayeach@3.0.0
21 silly currentTree ├── lodash._baseassign@3.2.0
21 silly currentTree ├── lodash._baseclone@4.5.7
21 silly currentTree ├── lodash._basecopy@3.0.1
21 silly currentTree ├── lodash._basefor@3.0.3
21 silly currentTree ├── lodash._basetostring@3.0.1
21 silly currentTree ├── lodash._basevalues@3.0.0
21 silly currentTree ├── lodash._bindcallback@3.0.1
21 silly currentTree ├── lodash._createassigner@3.1.1
21 silly currentTree ├── lodash._escapehtmlchar@2.4.1
21 silly currentTree ├── lodash._escapestringchar@2.4.1
21 silly currentTree ├── lodash._getnative@3.9.1
21 silly currentTree ├── lodash._htmlescapes@2.4.1
21 silly currentTree ├── lodash._isiterateecall@3.0.9
21 silly currentTree ├── lodash._isnative@2.4.1
21 silly currentTree ├── lodash._objecttypes@2.4.1
21 silly currentTree ├── lodash._reescape@3.0.0
21 silly currentTree ├── lodash._reevaluate@3.0.0
21 silly currentTree ├── lodash._reinterpolate@3.0.0
21 silly currentTree ├─┬ lodash._reunescapedhtml@2.4.1
21 silly currentTree │ └── lodash.keys@2.4.1
21 silly currentTree ├── lodash._root@3.0.1
21 silly currentTree ├── lodash._shimkeys@2.4.1
21 silly currentTree ├── lodash.assign@4.2.0
21 silly currentTree ├── lodash.assignwith@4.2.0
21 silly currentTree ├── lodash.clonedeep@4.3.1
21 silly currentTree ├─┬ lodash.defaults@2.4.1
21 silly currentTree │ └── lodash.keys@2.4.1
21 silly currentTree ├── lodash.escape@3.2.0
21 silly currentTree ├── lodash.isarguments@3.1.0
21 silly currentTree ├── lodash.isarray@3.0.4
21 silly currentTree ├── lodash.isempty@4.4.0
21 silly currentTree ├── lodash.isequal@4.4.0
21 silly currentTree ├── lodash.isobject@2.4.1
21 silly currentTree ├── lodash.isplainobject@4.0.6
21 silly currentTree ├── lodash.isstring@4.0.1
21 silly currentTree ├── lodash.keys@3.1.2
21 silly currentTree ├── lodash.mapvalues@4.6.0
21 silly currentTree ├── lodash.pick@4.4.0
21 silly currentTree ├── lodash.restparam@3.6.1
21 silly currentTree ├── lodash.template@3.6.2
21 silly currentTree ├── lodash.templatesettings@3.1.1
21 silly currentTree ├─┬ lodash.values@2.4.1
21 silly currentTree │ └── lodash.keys@2.4.1
21 silly currentTree ├── lodash@2.4.2
21 silly currentTree ├── logalot@2.1.0
21 silly currentTree ├── longest@1.0.1
21 silly currentTree ├── loud-rejection@1.6.0
21 silly currentTree ├── lowercase-keys@1.0.0
21 silly currentTree ├─┬ lpad-align@1.1.0
21 silly currentTree │ ├── camelcase-keys@2.1.0
21 silly currentTree │ ├── camelcase@2.1.1
21 silly currentTree │ ├── meow@3.7.0
21 silly currentTree │ └── object-assign@4.1.0
21 silly currentTree ├── lpad@2.0.1
21 silly currentTree ├── lru-cache@2.7.3
21 silly currentTree ├── lru-queue@0.1.0
21 silly currentTree ├── map-cache@0.2.2
21 silly currentTree ├── map-obj@1.0.1
21 silly currentTree ├── map-stream@0.1.0
21 silly currentTree ├─┬ marked-terminal@1.6.1
21 silly currentTree │ └── lodash.assign@3.2.0
21 silly currentTree ├── marked@0.3.6
21 silly currentTree ├── media-typer@0.3.0
21 silly currentTree ├── memoizee@0.3.10
21 silly currentTree ├── memory-cache@0.0.5
21 silly currentTree ├── meow@2.1.0
21 silly currentTree ├─┬ merge-stream@0.1.8
21 silly currentTree │ ├── inherits@2.0.1
21 silly currentTree │ ├── isarray@0.0.1
21 silly currentTree │ ├── readable-stream@1.0.34
21 silly currentTree │ └── through2@0.6.5
21 silly currentTree ├── micromatch@2.3.11
21 silly currentTree ├── mime-db@1.23.0
21 silly currentTree ├── mime-types@2.1.11
21 silly currentTree ├── mime@1.3.4
21 silly currentTree ├── minimatch@2.0.10
21 silly currentTree ├── minimist@1.2.0
21 silly currentTree ├─┬ minimize@1.8.1
21 silly currentTree │ └── async@1.5.2
21 silly currentTree ├─┬ mkdirp@0.5.1
21 silly currentTree │ └── minimist@0.0.8
21 silly currentTree ├── ms@0.7.1
21 silly currentTree ├─┬ multimatch@2.1.0
21 silly currentTree │ └── minimatch@3.0.3
21 silly currentTree ├── multipipe@0.1.2
21 silly currentTree ├── nan@2.4.0
21 silly currentTree ├── natives@1.1.0
21 silly currentTree ├── negotiator@0.6.1
21 silly currentTree ├── next-tick@0.2.2
21 silly currentTree ├── node-emoji@0.1.0
21 silly currentTree ├─┬ node-gyp@3.4.0
21 silly currentTree │ ├── glob@7.0.6
21 silly currentTree │ ├── graceful-fs@4.1.6
21 silly currentTree │ ├── inherits@2.0.1
21 silly currentTree │ └── minimatch@3.0.3
21 silly currentTree ├─┬ node-notifier@4.6.1
21 silly currentTree │ ├── lodash._baseclone@3.3.0
21 silly currentTree │ ├── lodash.clonedeep@3.0.2
21 silly currentTree │ └── semver@5.3.0
21 silly currentTree ├─┬ node-sass@3.8.0
21 silly currentTree │ ├── camelcase-keys@2.1.0
21 silly currentTree │ ├── camelcase@2.1.1
21 silly currentTree │ ├── gaze@1.1.1
21 silly currentTree │ ├── glob@7.0.6
21 silly currentTree │ ├── globule@1.0.0
21 silly currentTree │ ├── inherits@2.0.1
21 silly currentTree │ ├── lodash.clonedeep@4.5.0
21 silly currentTree │ ├── lodash@4.9.0
21 silly currentTree │ ├── meow@3.7.0
21 silly currentTree │ ├── minimatch@3.0.3
21 silly currentTree │ └── object-assign@4.1.0
21 silly currentTree ├── node-status-codes@1.0.0
21 silly currentTree ├── node-uuid@1.4.7
21 silly currentTree ├── node.extend@1.1.5
21 silly currentTree ├── nopt@3.0.6
21 silly currentTree ├── normalize-package-data@2.3.5
21 silly currentTree ├── normalize-path@2.0.1
21 silly currentTree ├── npmlog@3.1.2
21 silly currentTree ├── num2fraction@1.2.2
21 silly currentTree ├── number-is-nan@1.0.0
21 silly currentTree ├── oauth-sign@0.8.2
21 silly currentTree ├── object-assign@2.1.1
21 silly currentTree ├── object-component@0.0.3
21 silly currentTree ├── object-path@0.8.1
21 silly currentTree ├── object.omit@2.0.0
21 silly currentTree ├── on-finished@2.3.0
21 silly currentTree ├── once@1.3.3
21 silly currentTree ├── onetime@1.1.0
21 silly currentTree ├── openurl@1.1.0
21 silly currentTree ├── opn@1.0.2
21 silly currentTree ├─┬ opt-merger@1.1.1
21 silly currentTree │ └── lodash@3.10.1
21 silly currentTree ├── optional@0.1.3
21 silly currentTree ├── options@0.0.6
21 silly currentTree ├── optipng-bin@3.1.2
21 silly currentTree ├── orchestrator@0.3.7
21 silly currentTree ├── ordered-read-streams@0.1.0
21 silly currentTree ├── os-filter-obj@1.0.3
21 silly currentTree ├── os-homedir@1.0.1
21 silly currentTree ├── os-locale@1.4.0
21 silly currentTree ├── os-tmpdir@1.0.1
21 silly currentTree ├── osenv@0.1.3
21 silly currentTree ├── pako@0.2.9
21 silly currentTree ├── parse-filepath@1.0.1
21 silly currentTree ├── parse-glob@3.0.4
21 silly currentTree ├── parse-json@2.2.0
21 silly currentTree ├── parsejson@0.0.1
21 silly currentTree ├── parseqs@0.0.2
21 silly currentTree ├── parseuri@0.0.4
21 silly currentTree ├── parseurl@1.3.1
21 silly currentTree ├── path-array@1.0.1
21 silly currentTree ├── path-exists@2.1.0
21 silly currentTree ├── path-is-absolute@1.0.0
21 silly currentTree ├── path-is-inside@1.0.1
21 silly currentTree ├── path-root-regex@0.1.2
21 silly currentTree ├── path-root@0.1.1
21 silly currentTree ├─┬ path-type@1.1.0
21 silly currentTree │ └── graceful-fs@4.1.6
21 silly currentTree ├── pause-stream@0.0.11
21 silly currentTree ├── pend@1.2.0
21 silly currentTree ├─┬ phantomjs-prebuilt@2.1.12
21 silly currentTree │ ├── assert-plus@0.2.0
21 silly currentTree │ ├── bl@1.1.2
21 silly currentTree │ ├── es6-promise@3.2.1
21 silly currentTree │ ├── http-signature@1.1.1
21 silly currentTree │ ├── qs@6.2.1
21 silly currentTree │ ├── request@2.74.0
21 silly currentTree │ └── tough-cookie@2.3.1
21 silly currentTree ├── phridge@2.0.0
21 silly currentTree ├── pify@2.3.0
21 silly currentTree ├── pinkie-promise@2.0.1
21 silly currentTree ├── pinkie@2.0.4
21 silly currentTree ├─┬ plexer@0.0.3
21 silly currentTree │ ├── inherits@2.0.1
21 silly currentTree │ ├── isarray@0.0.1
21 silly currentTree │ └── readable-stream@1.1.14
21 silly currentTree ├── plur@2.1.2
21 silly currentTree ├── portscanner-plus@0.2.1
21 silly currentTree ├─┬ portscanner@1.0.0
21 silly currentTree │ └── async@0.1.15
21 silly currentTree ├─┬ postcss@4.1.16
21 silly currentTree │ └── source-map@0.4.4
21 silly currentTree ├── prepend-http@1.0.4
21 silly currentTree ├── preserve@0.2.0
21 silly currentTree ├─┬ pretty-bytes@2.0.1
21 silly currentTree │ ├── camelcase-keys@2.1.0
21 silly currentTree │ ├── camelcase@2.1.1
21 silly currentTree │ ├── meow@3.7.0
21 silly currentTree │ └── object-assign@4.1.0
21 silly currentTree ├── pretty-hrtime@1.0.2
21 silly currentTree ├── process-nextick-args@1.0.7
21 silly currentTree ├── progress@1.1.8
21 silly currentTree ├── pseudomap@1.0.2
21 silly currentTree ├── q@1.4.1
21 silly currentTree ├── qs@5.2.1
21 silly currentTree ├── randomatic@1.1.5
21 silly currentTree ├── range-parser@1.2.0
21 silly currentTree ├── raw-body@1.3.0
21 silly currentTree ├── rc@1.1.6
21 silly currentTree ├── read-all-stream@3.1.0
21 silly currentTree ├── read-pkg-up@1.0.1
21 silly currentTree ├── read-pkg@1.1.0
21 silly currentTree ├─┬ readable-stream@2.0.6
21 silly currentTree │ └── inherits@2.0.1
21 silly currentTree ├── rechoir@0.6.2
21 silly currentTree ├─┬ redent@1.0.0
21 silly currentTree │ ├── indent-string@2.1.0
21 silly currentTree │ └── repeating@2.0.1
21 silly currentTree ├─┬ redeyed@0.5.0
21 silly currentTree │ └── esprima-fb@12001.1.0-dev-harmony-fb
21 silly currentTree ├── regex-cache@0.4.3
21 silly currentTree ├── repeat-element@1.1.2
21 silly currentTree ├── repeat-string@1.5.4
21 silly currentTree ├── repeating@1.1.3
21 silly currentTree ├── replace-ext@0.0.1
21 silly currentTree ├── request-progress@2.0.1
21 silly currentTree ├── request@2.65.0
21 silly currentTree ├── require-directory@2.1.1
21 silly currentTree ├── require-main-filename@1.0.1
21 silly currentTree ├── requires-port@1.0.0
21 silly currentTree ├── resolve-dir@0.1.1
21 silly currentTree ├── resolve@1.1.7
21 silly currentTree ├── resp-modifier@1.0.2
21 silly currentTree ├── right-align@0.1.3
21 silly currentTree ├─┬ rimraf@2.5.4
21 silly currentTree │ ├── glob@7.0.6
21 silly currentTree │ ├── inherits@2.0.1
21 silly currentTree │ └── minimatch@3.0.3
21 silly currentTree ├── run-sequence@1.2.2
21 silly currentTree ├─┬ sass-graph@2.1.2
21 silly currentTree │ ├── glob@7.0.6
21 silly currentTree │ ├── inherits@2.0.1
21 silly currentTree │ ├── lodash@4.15.0
21 silly currentTree │ ├── minimatch@3.0.3
21 silly currentTree │ ├── window-size@0.2.0
21 silly currentTree │ └── yargs@4.8.1
21 silly currentTree ├── sax@1.2.1
21 silly currentTree ├─┬ seek-bzip@1.0.5
21 silly currentTree │ └── commander@2.8.1
21 silly currentTree ├── semver-regex@1.0.0
21 silly currentTree ├─┬ semver-truncate@1.1.2
21 silly currentTree │ └── semver@5.3.0
21 silly currentTree ├── semver@4.3.6
21 silly currentTree ├── send@0.14.1
21 silly currentTree ├── sequencify@0.0.7
21 silly currentTree ├── serve-index@1.8.0
21 silly currentTree ├── serve-static@1.11.1
21 silly currentTree ├── set-blocking@2.0.0
21 silly currentTree ├── set-immediate-shim@1.0.1
21 silly currentTree ├── setprototypeof@1.0.1
21 silly currentTree ├── shellwords@0.1.0
21 silly currentTree ├── sigmund@1.0.1
21 silly currentTree ├── signal-exit@3.0.0
21 silly currentTree ├── slash@1.0.0
21 silly currentTree ├── sntp@1.0.9
21 silly currentTree ├─┬ socket.io-adapter@0.4.0
21 silly currentTree │ ├── isarray@0.0.1
21 silly currentTree │ └─┬ socket.io-parser@2.2.2
21 silly currentTree │   └── debug@0.7.4
21 silly currentTree ├─┬ socket.io-client@1.4.8
21 silly currentTree │ └── component-emitter@1.2.0
21 silly currentTree ├─┬ socket.io-parser@2.2.6
21 silly currentTree │ ├── isarray@0.0.1
21 silly currentTree │ └── json3@3.3.2
21 silly currentTree ├── socket.io@1.4.8
21 silly currentTree ├── source-map@0.5.6
21 silly currentTree ├── sparkles@1.0.0
21 silly currentTree ├── spdx-correct@1.0.2
21 silly currentTree ├── spdx-expression-parse@1.0.3
21 silly currentTree ├── spdx-license-ids@1.2.2
21 silly currentTree ├── split@0.3.3
21 silly currentTree ├── sprintf-js@1.0.3
21 silly currentTree ├── squeak@1.3.0
21 silly currentTree ├─┬ sshpk@1.10.0
21 silly currentTree │ ├── asn1@0.2.3
21 silly currentTree │ └── assert-plus@1.0.0
21 silly currentTree ├── stat-mode@0.2.1
21 silly currentTree ├── statuses@1.3.0
21 silly currentTree ├── stream-combiner@0.0.4
21 silly currentTree ├─┬ stream-combiner2@1.1.1
21 silly currentTree │ └── duplexer2@0.1.4
21 silly currentTree ├── stream-consume@0.1.0
21 silly currentTree ├── stream-shift@1.0.0
21 silly currentTree ├── string_decoder@0.10.31
21 silly currentTree ├── string-width@1.0.2
21 silly currentTree ├── stringstream@0.0.5
21 silly currentTree ├── strip-ansi@3.0.1
21 silly currentTree ├── strip-bom-stream@1.0.0
21 silly currentTree ├── strip-bom@2.0.0
21 silly currentTree ├─┬ strip-dirs@1.1.1
21 silly currentTree │ ├── is-absolute@0.1.7
21 silly currentTree │ └── is-relative@0.1.3
21 silly currentTree ├── strip-indent@1.0.1
21 silly currentTree ├── strip-json-comments@1.0.4
21 silly currentTree ├── strip-outer@1.0.0
21 silly currentTree ├── sum-up@1.0.3
21 silly currentTree ├── supports-color@2.0.0
21 silly currentTree ├── svgo@0.6.6
21 silly currentTree ├─┬ tar-stream@1.5.2
21 silly currentTree │ └── end-of-stream@1.1.0
21 silly currentTree ├─┬ tar@2.2.1
21 silly currentTree │ └── inherits@2.0.1
21 silly currentTree ├─┬ temp@0.8.3
21 silly currentTree │ └── rimraf@2.2.8
21 silly currentTree ├── tempfile@1.1.1
21 silly currentTree ├── text-hex@0.0.0
21 silly currentTree ├─┬ tfunk@3.0.2
21 silly currentTree │ └── object-path@0.9.2
21 silly currentTree ├── throttleit@1.0.0
21 silly currentTree ├── through@2.3.8
21 silly currentTree ├── through2-concurrent@1.1.1
21 silly currentTree ├── through2-filter@2.0.0
21 silly currentTree ├── through2@2.0.1
21 silly currentTree ├── tildify@1.2.0
21 silly currentTree ├── time-stamp@1.0.1
21 silly currentTree ├── timed-out@2.0.0
21 silly currentTree ├── timers-ext@0.1.0
21 silly currentTree ├─┬ tiny-lr@0.1.7
21 silly currentTree │ ├── debug@2.0.0
21 silly currentTree │ ├── ms@0.6.2
21 silly currentTree │ └── qs@2.2.5
21 silly currentTree ├── to-absolute-glob@0.1.1
21 silly currentTree ├── to-array@0.1.4
21 silly currentTree ├── tough-cookie@2.2.2
21 silly currentTree ├── trim-newlines@1.0.0
21 silly currentTree ├── trim-repeated@1.0.0
21 silly currentTree ├── tunnel-agent@0.4.3
21 silly currentTree ├── tweetnacl@0.13.3
21 silly currentTree ├─┬ type-is@1.5.7
21 silly currentTree │ ├── mime-db@1.12.0
21 silly currentTree │ └── mime-types@2.0.14
21 silly currentTree ├── typedarray@0.0.6
21 silly currentTree ├── ua-parser-js@0.7.10
21 silly currentTree ├─┬ uglify-js@2.6.4
21 silly currentTree │ ├── async@0.2.10
21 silly currentTree │ ├── cliui@2.1.0
21 silly currentTree │ ├── window-size@0.1.0
21 silly currentTree │ └── yargs@3.10.0
21 silly currentTree ├── uglify-save-license@0.4.1
21 silly currentTree ├── uglify-to-browserify@1.0.2
21 silly currentTree ├── ultron@1.0.2
21 silly currentTree ├── unc-path-regex@0.1.2
21 silly currentTree ├─┬ uncss@0.14.1
21 silly currentTree │ ├── assert-plus@0.2.0
21 silly currentTree │ ├── async@1.5.2
21 silly currentTree │ ├── bluebird@3.1.5
21 silly currentTree │ ├── glob@6.0.4
21 silly currentTree │ ├── http-signature@1.1.1
21 silly currentTree │ ├── inherits@2.0.1
21 silly currentTree │ ├── lodash@4.0.1
21 silly currentTree │ ├── object-assign@4.1.0
21 silly currentTree │ ├── postcss@5.0.21
21 silly currentTree │ ├── qs@6.0.2
21 silly currentTree │ ├── request@2.69.0
21 silly currentTree │ └── supports-color@3.1.2
21 silly currentTree ├── unique-stream@1.0.0
21 silly currentTree ├── unpipe@1.0.0
21 silly currentTree ├── unzip-response@1.0.0
21 silly currentTree ├── url-parse-lax@1.0.0
21 silly currentTree ├── url-regex@3.2.0
21 silly currentTree ├── user-home@1.1.1
21 silly currentTree ├── utf8@2.1.0
21 silly currentTree ├── util-deprecate@1.0.2
21 silly currentTree ├── utils-merge@1.0.0
21 silly currentTree ├── uuid@2.0.2
21 silly currentTree ├── v8flags@2.0.11
21 silly currentTree ├── vali-date@1.0.0
21 silly currentTree ├── validate-npm-package-license@3.0.1
21 silly currentTree ├── verror@1.3.6
21 silly currentTree ├─┬ vinyl-assign@1.2.1
21 silly currentTree │ └── object-assign@4.1.0
21 silly currentTree ├─┬ vinyl-buffer@1.0.0
21 silly currentTree │ ├── bl@0.9.5
21 silly currentTree │ ├── inherits@2.0.1
21 silly currentTree │ ├── isarray@0.0.1
21 silly currentTree │ ├── readable-stream@1.0.34
21 silly currentTree │ └── through2@0.6.5
21 silly currentTree ├─┬ vinyl-file@1.3.0
21 silly currentTree │ ├── graceful-fs@4.1.6
21 silly currentTree │ └── vinyl@1.2.0
21 silly currentTree ├─┬ vinyl-fs@0.3.14
21 silly currentTree │ ├── clone@0.2.0
21 silly currentTree │ ├── glob-watcher@0.0.6
21 silly currentTree │ ├── graceful-fs@3.0.11
21 silly currentTree │ ├── inherits@2.0.1
21 silly currentTree │ ├── isarray@0.0.1
21 silly currentTree │ ├── readable-stream@1.0.34
21 silly currentTree │ ├── strip-bom@1.0.0
21 silly currentTree │ ├── through2@0.6.5
21 silly currentTree │ └── vinyl@0.4.6
21 silly currentTree ├─┬ vinyl-sourcemaps-apply@0.1.4
21 silly currentTree │ └── source-map@0.1.43
21 silly currentTree ├── vinyl@0.5.3
21 silly currentTree ├── ware@1.3.0
21 silly currentTree ├── watch@0.13.0
21 silly currentTree ├── websocket-driver@0.6.5
21 silly currentTree ├── websocket-extensions@0.1.1
21 silly currentTree ├── whet.extend@0.9.9
21 silly currentTree ├── which-module@1.0.0
21 silly currentTree ├── which@1.2.10
21 silly currentTree ├── wide-align@1.1.0
21 silly currentTree ├── window-size@0.1.4
21 silly currentTree ├── wordwrap@0.0.2
21 silly currentTree ├── wrap-ansi@2.0.0
21 silly currentTree ├── wrap-fn@0.1.5
21 silly currentTree ├── wrappy@1.0.2
21 silly currentTree ├── ws@1.1.0
21 silly currentTree ├── xmlhttprequest-ssl@1.5.1
21 silly currentTree ├── xtend@4.0.1
21 silly currentTree ├── y18n@3.2.1
21 silly currentTree ├── yallist@2.0.0
21 silly currentTree ├─┬ yargs-parser@2.4.1
21 silly currentTree │ └── camelcase@3.0.0
21 silly currentTree ├── yargs@3.29.0
21 silly currentTree ├── yauzl@2.6.0
21 silly currentTree └── yeast@0.1.2
22 silly idealTree angularjs-boilerplate@1.1.7
22 silly idealTree ├── abbrev@1.0.9
22 silly idealTree ├── accepts@1.3.3
22 silly idealTree ├── after@0.8.1
22 silly idealTree ├── align-text@0.1.4
22 silly idealTree ├── amdefine@1.0.0
22 silly idealTree ├── ansi-regex@2.0.0
22 silly idealTree ├── ansi-styles@2.2.1
22 silly idealTree ├── ansicolors@0.2.1
22 silly idealTree ├── aproba@1.0.4
22 silly idealTree ├── archive-type@3.2.0
22 silly idealTree ├── archy@1.0.0
22 silly idealTree ├── are-we-there-yet@1.1.2
22 silly idealTree ├── argh@0.1.4
22 silly idealTree ├── argparse@1.0.7
22 silly idealTree ├── arr-diff@2.0.0
22 silly idealTree ├── arr-flatten@1.0.1
22 silly idealTree ├── array-differ@1.0.0
22 silly idealTree ├── array-find-index@1.0.1
22 silly idealTree ├── array-index@1.0.0
22 silly idealTree ├── array-union@1.0.2
22 silly idealTree ├── array-uniq@1.0.3
22 silly idealTree ├── array-unique@0.2.1
22 silly idealTree ├── arraybuffer.slice@0.0.6
22 silly idealTree ├── arrify@1.0.1
22 silly idealTree ├── asn1@0.1.11
22 silly idealTree ├── assert-plus@0.1.5
22 silly idealTree ├── async-each-series@1.1.0
22 silly idealTree ├── async-foreach@0.1.3
22 silly idealTree ├─┬ async@2.0.1
22 silly idealTree │ └── lodash@4.15.0
22 silly idealTree ├── autoprefixer-core@5.2.1
22 silly idealTree ├── aws-sign2@0.6.0
22 silly idealTree ├── aws4@1.4.1
22 silly idealTree ├── backo2@1.0.2
22 silly idealTree ├── balanced-match@0.4.2
22 silly idealTree ├── base64-arraybuffer@0.1.2
22 silly idealTree ├── base64id@0.1.0
22 silly idealTree ├── batch@0.5.3
22 silly idealTree ├─┬ bcrypt-pbkdf@1.0.0
22 silly idealTree │ └── tweetnacl@0.14.3
22 silly idealTree ├── beeper@1.1.0
22 silly idealTree ├── benchmark@1.0.0
22 silly idealTree ├── better-assert@1.0.2
22 silly idealTree ├── bin-build@2.2.0
22 silly idealTree ├── bin-check@2.0.0
22 silly idealTree ├── bin-version-check@2.1.0
22 silly idealTree ├── bin-version@1.0.4
22 silly idealTree ├── bin-wrapper@3.0.2
22 silly idealTree ├── bl@1.0.3
22 silly idealTree ├── blob@0.0.4
22 silly idealTree ├─┬ block-stream@0.0.9
22 silly idealTree │ └── inherits@2.0.1
22 silly idealTree ├── bluebird@3.4.6
22 silly idealTree ├─┬ body-parser@1.8.4
22 silly idealTree │ ├── depd@0.4.5
22 silly idealTree │ ├── ee-first@1.0.5
22 silly idealTree │ ├── on-finished@2.1.0
22 silly idealTree │ └── qs@2.2.4
22 silly idealTree ├── boom@2.10.1
22 silly idealTree ├── brace-expansion@1.1.6
22 silly idealTree ├── braces@1.8.5
22 silly idealTree ├── browser-sync-client@1.0.2
22 silly idealTree ├── browser-sync@1.9.2
22 silly idealTree ├── browserify-zlib@0.1.4
22 silly idealTree ├── browserslist@0.4.0
22 silly idealTree ├── buffer-crc32@0.2.5
22 silly idealTree ├─┬ buffer-to-vinyl@1.1.0
22 silly idealTree │ └── vinyl@1.2.0
22 silly idealTree ├── bufferstreams@1.1.1
22 silly idealTree ├── builtin-modules@1.1.1
22 silly idealTree ├── bytes@1.0.0
22 silly idealTree ├── callsite@1.0.0
22 silly idealTree ├── camelcase-keys@1.0.0
22 silly idealTree ├── camelcase@1.2.1
22 silly idealTree ├── caniuse-db@1.0.30000527
22 silly idealTree ├── capture-stack-trace@1.0.0
22 silly idealTree ├── cardinal@0.5.0
22 silly idealTree ├── caseless@0.11.0
22 silly idealTree ├─┬ caw@1.2.0
22 silly idealTree │ └── object-assign@3.0.0
22 silly idealTree ├── center-align@0.1.3
22 silly idealTree ├── chalk@1.1.3
22 silly idealTree ├── clap@1.1.1
22 silly idealTree ├─┬ clean-css@3.4.19
22 silly idealTree │ ├── commander@2.8.1
22 silly idealTree │ └── source-map@0.4.4
22 silly idealTree ├── cli-color@1.1.0
22 silly idealTree ├─┬ cli-table@0.3.1
22 silly idealTree │ └── colors@1.0.3
22 silly idealTree ├─┬ cli-usage@0.1.2
22 silly idealTree │ └── minimist@0.2.0
22 silly idealTree ├── cliui@3.2.0
22 silly idealTree ├── clone-stats@0.0.1
22 silly idealTree ├── clone@1.0.2
22 silly idealTree ├── co@3.1.0
22 silly idealTree ├── coa@1.0.1
22 silly idealTree ├── code-point-at@1.0.0
22 silly idealTree ├── color-convert@0.5.3
22 silly idealTree ├── color-name@1.1.1
22 silly idealTree ├── color-string@0.3.0
22 silly idealTree ├── color@0.8.0
22 silly idealTree ├── colornames@0.0.2
22 silly idealTree ├── colors@1.1.2
22 silly idealTree ├── colorspace@1.0.1
22 silly idealTree ├── combined-stream@1.0.5
22 silly idealTree ├── commander@2.9.0
22 silly idealTree ├── component-bind@1.0.0
22 silly idealTree ├── component-emitter@1.1.2
22 silly idealTree ├── component-inherit@0.0.3
22 silly idealTree ├── concat-map@0.0.1
22 silly idealTree ├─┬ concat-stream@1.5.2
22 silly idealTree │ └── inherits@2.0.1
22 silly idealTree ├── concat-with-sourcemaps@1.0.4
22 silly idealTree ├── connect-livereload@0.5.4
22 silly idealTree ├── connect@3.4.1
22 silly idealTree ├── console-control-strings@1.1.0
22 silly idealTree ├── console-stream@0.1.1
22 silly idealTree ├── convert-source-map@1.3.0
22 silly idealTree ├── cookie@0.1.5
22 silly idealTree ├── core-util-is@1.0.2
22 silly idealTree ├── create-error-class@3.0.2
22 silly idealTree ├─┬ cross-spawn@3.0.1
22 silly idealTree │ └── lru-cache@4.0.1
22 silly idealTree ├── cryptiles@2.0.5
22 silly idealTree ├── csso@2.0.0
22 silly idealTree ├── ctype@0.5.3
22 silly idealTree ├── currently-unhandled@0.4.1
22 silly idealTree ├── d@0.1.1
22 silly idealTree ├─┬ dashdash@1.14.0
22 silly idealTree │ └── assert-plus@1.0.0
22 silly idealTree ├─┬ dateformat@1.0.12
22 silly idealTree │ ├── camelcase-keys@2.1.0
22 silly idealTree │ ├── camelcase@2.1.1
22 silly idealTree │ ├── meow@3.7.0
22 silly idealTree │ └── object-assign@4.1.0
22 silly idealTree ├── deap@1.0.0
22 silly idealTree ├── debug@2.2.0
22 silly idealTree ├── decamelize@1.2.0
22 silly idealTree ├─┬ decompress-tar@3.1.0
22 silly idealTree │ ├── clone@0.2.0
22 silly idealTree │ ├── inherits@2.0.1
22 silly idealTree │ ├── isarray@0.0.1
22 silly idealTree │ ├── readable-stream@1.0.34
22 silly idealTree │ ├── through2@0.6.5
22 silly idealTree │ └── vinyl@0.4.6
22 silly idealTree ├─┬ decompress-tarbz2@3.1.0
22 silly idealTree │ ├── clone@0.2.0
22 silly idealTree │ ├── inherits@2.0.1
22 silly idealTree │ ├── isarray@0.0.1
22 silly idealTree │ ├── readable-stream@1.0.34
22 silly idealTree │ ├── through2@0.6.5
22 silly idealTree │ └── vinyl@0.4.6
22 silly idealTree ├─┬ decompress-targz@3.1.0
22 silly idealTree │ ├── clone@0.2.0
22 silly idealTree │ ├── inherits@2.0.1
22 silly idealTree │ ├── isarray@0.0.1
22 silly idealTree │ ├── readable-stream@1.0.34
22 silly idealTree │ ├── through2@0.6.5
22 silly idealTree │ └── vinyl@0.4.6
22 silly idealTree ├─┬ decompress-unzip@3.4.0
22 silly idealTree │ └── vinyl@1.2.0
22 silly idealTree ├─┬ decompress@3.0.0
22 silly idealTree │ ├─┬ glob-stream@5.3.4
22 silly idealTree │ │ ├── readable-stream@1.0.34
22 silly idealTree │ │ └── through2@0.6.5
22 silly idealTree │ ├── glob@5.0.15
22 silly idealTree │ ├── graceful-fs@4.1.6
22 silly idealTree │ ├── inherits@2.0.1
22 silly idealTree │ ├── isarray@0.0.1
22 silly idealTree │ ├── merge-stream@1.0.0
22 silly idealTree │ ├── object-assign@4.1.0
22 silly idealTree │ ├── ordered-read-streams@0.3.0
22 silly idealTree │ ├── unique-stream@2.2.1
22 silly idealTree │ ├── vinyl-fs@2.4.3
22 silly idealTree │ └── vinyl@1.2.0
22 silly idealTree ├── deep-extend@0.4.1
22 silly idealTree ├── defaults@1.0.3
22 silly idealTree ├─┬ del@1.2.1
22 silly idealTree │ └── object-assign@3.0.0
22 silly idealTree ├── delayed-stream@1.0.0
22 silly idealTree ├── delegates@1.0.0
22 silly idealTree ├── depd@1.1.0
22 silly idealTree ├── deprecated@0.0.1
22 silly idealTree ├── destroy@1.0.4
22 silly idealTree ├── detect-file@0.1.0
22 silly idealTree ├─┬ dev-ip@0.1.7
22 silly idealTree │ └── lodash@2.2.1
22 silly idealTree ├── diagnostics@1.0.1
22 silly idealTree ├─┬ dom-serializer@0.1.0
22 silly idealTree │ └── domelementtype@1.1.3
22 silly idealTree ├── domelementtype@1.3.0
22 silly idealTree ├── domhandler@2.3.0
22 silly idealTree ├── domutils@1.5.1
22 silly idealTree ├─┬ download@4.4.3
22 silly idealTree │ ├─┬ glob-stream@5.3.4
22 silly idealTree │ │ ├── readable-stream@1.0.34
22 silly idealTree │ │ └── through2@0.6.5
22 silly idealTree │ ├── glob@5.0.15
22 silly idealTree │ ├── graceful-fs@4.1.6
22 silly idealTree │ ├── inherits@2.0.1
22 silly idealTree │ ├── isarray@0.0.1
22 silly idealTree │ ├── merge-stream@1.0.0
22 silly idealTree │ ├── object-assign@4.1.0
22 silly idealTree │ ├── ordered-read-streams@0.3.0
22 silly idealTree │ ├── unique-stream@2.2.1
22 silly idealTree │ ├── vinyl-fs@2.4.3
22 silly idealTree │ └── vinyl@1.2.0
22 silly idealTree ├── duplexer@0.1.1
22 silly idealTree ├─┬ duplexer2@0.0.2
22 silly idealTree │ ├── inherits@2.0.1
22 silly idealTree │ ├── isarray@0.0.1
22 silly idealTree │ └── readable-stream@1.1.14
22 silly idealTree ├─┬ duplexify@3.4.5
22 silly idealTree │ ├── end-of-stream@1.0.0
22 silly idealTree │ └── inherits@2.0.1
22 silly idealTree ├── each-async@1.1.1
22 silly idealTree ├─┬ easy-extender@2.3.2
22 silly idealTree │ └── lodash@3.10.1
22 silly idealTree ├── eazy-logger@2.1.3
22 silly idealTree ├── ecc-jsbn@0.1.1
22 silly idealTree ├── ee-first@1.1.1
22 silly idealTree ├── emits@3.0.0
22 silly idealTree ├── emitter-steward@0.0.1
22 silly idealTree ├── enabled@1.0.2
22 silly idealTree ├── encodeurl@1.0.1
22 silly idealTree ├── end-of-stream@0.1.5
22 silly idealTree ├─┬ engine.io-client@1.6.11
22 silly idealTree │ └── ws@1.0.1
22 silly idealTree ├─┬ engine.io-parser@1.2.4
22 silly idealTree │ ├── has-binary@0.1.6
22 silly idealTree │ └── isarray@0.0.1
22 silly idealTree ├─┬ engine.io@1.6.11
22 silly idealTree │ ├── accepts@1.1.4
22 silly idealTree │ ├── mime-db@1.12.0
22 silly idealTree │ ├── mime-types@2.0.14
22 silly idealTree │ └── negotiator@0.4.9
22 silly idealTree ├── entities@1.1.1
22 silly idealTree ├── env-variable@0.0.3
22 silly idealTree ├── error-ex@1.3.0
22 silly idealTree ├── es5-ext@0.10.12
22 silly idealTree ├── es6-iterator@2.0.0
22 silly idealTree ├── es6-promise@2.3.0
22 silly idealTree ├── es6-symbol@3.1.0
22 silly idealTree ├─┬ es6-weak-map@0.1.4
22 silly idealTree │ ├── es6-iterator@0.1.3
22 silly idealTree │ └── es6-symbol@2.0.1
22 silly idealTree ├── escape-html@1.0.3
22 silly idealTree ├── escape-string-regexp@1.0.5
22 silly idealTree ├── esprima@2.7.3
22 silly idealTree ├── etag@1.7.0
22 silly idealTree ├── event-emitter@0.3.4
22 silly idealTree ├── event-stream@3.3.2
22 silly idealTree ├── eventemitter3@1.2.0
22 silly idealTree ├── exec-buffer@2.0.1
22 silly idealTree ├─┬ exec-series@1.0.3
22 silly idealTree │ └── object-assign@4.1.0
22 silly idealTree ├─┬ executable@1.1.0
22 silly idealTree │ ├── camelcase-keys@2.1.0
22 silly idealTree │ ├── camelcase@2.1.1
22 silly idealTree │ ├── meow@3.7.0
22 silly idealTree │ └── object-assign@4.1.0
22 silly idealTree ├── expand-brackets@0.1.5
22 silly idealTree ├── expand-range@1.8.2
22 silly idealTree ├── expand-tilde@1.2.2
22 silly idealTree ├── extend-shallow@2.0.1
22 silly idealTree ├── extend@3.0.0
22 silly idealTree ├── extglob@0.3.2
22 silly idealTree ├─┬ extract-zip@1.5.0
22 silly idealTree │ ├── concat-stream@1.5.0
22 silly idealTree │ ├── debug@0.7.4
22 silly idealTree │ ├── inherits@2.0.1
22 silly idealTree │ ├── minimist@0.0.8
22 silly idealTree │ ├── mkdirp@0.5.0
22 silly idealTree │ └── yauzl@2.4.1
22 silly idealTree ├── extsprintf@1.0.2
22 silly idealTree ├── fancy-log@1.2.0
22 silly idealTree ├── faye-websocket@0.7.3
22 silly idealTree ├── fd-slicer@1.0.1
22 silly idealTree ├─┬ figures@1.7.0
22 silly idealTree │ └── object-assign@4.1.0
22 silly idealTree ├── file-type@3.8.0
22 silly idealTree ├── filename-regex@2.0.0
22 silly idealTree ├── filename-reserved-regex@1.0.0
22 silly idealTree ├── filenamify@1.2.1
22 silly idealTree ├── fill-range@2.2.3
22 silly idealTree ├── finalhandler@0.4.1
22 silly idealTree ├── find-index@0.1.1
22 silly idealTree ├── find-up@1.1.2
22 silly idealTree ├─┬ find-versions@1.2.1
22 silly idealTree │ ├── camelcase-keys@2.1.0
22 silly idealTree │ ├── camelcase@2.1.1
22 silly idealTree │ ├── meow@3.7.0
22 silly idealTree │ └── object-assign@4.1.0
22 silly idealTree ├── findup-sync@0.4.2
22 silly idealTree ├─┬ fined@1.0.1
22 silly idealTree │ └── lodash.isarray@4.0.0
22 silly idealTree ├── first-chunk-stream@1.0.0
22 silly idealTree ├── flagged-respawn@0.3.2
22 silly idealTree ├── for-in@0.1.5
22 silly idealTree ├── for-own@0.1.4
22 silly idealTree ├── forever-agent@0.6.1
22 silly idealTree ├── fork-stream@0.0.4
22 silly idealTree ├── form-data@1.0.1
22 silly idealTree ├─┬ foxy@7.1.0
22 silly idealTree │ └── dev-ip@1.0.1
22 silly idealTree ├── fresh@0.3.0
22 silly idealTree ├── from@0.1.3
22 silly idealTree ├── fs-exists-sync@0.1.0
22 silly idealTree ├─┬ fs-extra@0.30.0
22 silly idealTree │ └── graceful-fs@4.1.6
22 silly idealTree ├── fs.realpath@1.0.0
22 silly idealTree ├─┬ fstream@1.0.10
22 silly idealTree │ ├── graceful-fs@4.1.6
22 silly idealTree │ └── inherits@2.0.1
22 silly idealTree ├─┬ gauge@2.6.0
22 silly idealTree │ └── object-assign@4.1.0
22 silly idealTree ├── gaze@0.5.2
22 silly idealTree ├── generate-function@2.0.0
22 silly idealTree ├── generate-object-property@1.2.0
22 silly idealTree ├── get-caller-file@1.0.2
22 silly idealTree ├── get-proxy@1.1.0
22 silly idealTree ├── get-stdin@4.0.1
22 silly idealTree ├─┬ getpass@0.1.6
22 silly idealTree │ └── assert-plus@1.0.0
22 silly idealTree ├── gifsicle@3.0.3
22 silly idealTree ├── glob-base@0.3.0
22 silly idealTree ├── glob-parent@2.0.0
22 silly idealTree ├─┬ glob-stream@3.1.18
22 silly idealTree │ ├── glob@4.5.3
22 silly idealTree │ ├── inherits@2.0.1
22 silly idealTree │ ├── isarray@0.0.1
22 silly idealTree │ ├── readable-stream@1.0.34
22 silly idealTree │ └── through2@0.6.5
22 silly idealTree ├── glob-watcher@0.0.7
22 silly idealTree ├─┬ glob@3.1.21
22 silly idealTree │ └── minimatch@0.2.14
22 silly idealTree ├── glob2base@0.0.12
22 silly idealTree ├── global-modules@0.2.3
22 silly idealTree ├── global-prefix@0.1.4
22 silly idealTree ├─┬ globby@2.1.0
22 silly idealTree │ ├── async@1.5.2
22 silly idealTree │ ├── glob@5.0.15
22 silly idealTree │ ├── inherits@2.0.1
22 silly idealTree │ └── object-assign@3.0.0
22 silly idealTree ├─┬ globule@0.1.0
22 silly idealTree │ ├── lodash@1.0.2
22 silly idealTree │ └── minimatch@0.2.14
22 silly idealTree ├── glogg@1.0.0
22 silly idealTree ├─┬ got@5.6.0
22 silly idealTree │ ├── duplexer2@0.1.4
22 silly idealTree │ └── object-assign@4.1.0
22 silly idealTree ├── graceful-fs@1.2.3
22 silly idealTree ├── graceful-readlink@1.0.1
22 silly idealTree ├── growly@1.3.0
22 silly idealTree ├── gulp-angular-templatecache@1.9.1
22 silly idealTree ├─┬ gulp-autoprefixer@2.3.1
22 silly idealTree │ ├── inherits@2.0.1
22 silly idealTree │ ├── isarray@0.0.1
22 silly idealTree │ ├── readable-stream@1.0.34
22 silly idealTree │ └── through2@0.6.5
22 silly idealTree ├── gulp-changed@1.3.2
22 silly idealTree ├─┬ gulp-concat@2.6.0
22 silly idealTree │ ├── inherits@2.0.1
22 silly idealTree │ ├── isarray@0.0.1
22 silly idealTree │ ├── readable-stream@1.0.34
22 silly idealTree │ └── through2@0.6.5
22 silly idealTree ├── gulp-decompress@1.2.0
22 silly idealTree ├─┬ gulp-filter@2.0.2
22 silly idealTree │ ├── inherits@2.0.1
22 silly idealTree │ ├── isarray@0.0.1
22 silly idealTree │ ├── readable-stream@1.0.34
22 silly idealTree │ └── through2@0.6.5
22 silly idealTree ├── gulp-footer@1.0.5
22 silly idealTree ├── gulp-header@1.8.2
22 silly idealTree ├─┬ gulp-html-replace@1.6.1
22 silly idealTree │ └── object-assign@4.1.0
22 silly idealTree ├─┬ gulp-imagemin@2.4.0
22 silly idealTree │ └── object-assign@4.1.0
22 silly idealTree ├─┬ gulp-load-plugins@0.10.0
22 silly idealTree │ ├── findup-sync@0.2.1
22 silly idealTree │ ├── glob@4.3.5
22 silly idealTree │ ├── inherits@2.0.1
22 silly idealTree │ └── multimatch@2.0.0
22 silly idealTree ├─┬ gulp-minify-css@0.4.6
22 silly idealTree │ ├── inherits@2.0.1
22 silly idealTree │ ├── isarray@0.0.1
22 silly idealTree │ ├── readable-stream@1.0.34
22 silly idealTree │ └── through2@0.6.5
22 silly idealTree ├─┬ gulp-minify-html@0.1.8
22 silly idealTree │ ├── ansi-regex@0.2.1
22 silly idealTree │ ├── ansi-styles@1.1.0
22 silly idealTree │ ├── chalk@0.5.1
22 silly idealTree │ ├── gulp-util@2.2.20
22 silly idealTree │ ├── has-ansi@0.1.0
22 silly idealTree │ ├── inherits@2.0.1
22 silly idealTree │ ├── isarray@0.0.1
22 silly idealTree │ ├── lodash._reinterpolate@2.4.1
22 silly idealTree │ ├── lodash.escape@2.4.1
22 silly idealTree │ ├── lodash.keys@2.4.1
22 silly idealTree │ ├── lodash.template@2.4.1
22 silly idealTree │ ├── lodash.templatesettings@2.4.1
22 silly idealTree │ ├── minimist@0.2.0
22 silly idealTree │ ├── readable-stream@1.0.34
22 silly idealTree │ ├── strip-ansi@0.3.0
22 silly idealTree │ ├── supports-color@0.2.0
22 silly idealTree │ ├── through2@0.5.1
22 silly idealTree │ ├── vinyl@0.2.3
22 silly idealTree │ └── xtend@3.0.0
22 silly idealTree ├─┬ gulp-notify@2.2.0
22 silly idealTree │ ├── inherits@2.0.1
22 silly idealTree │ ├── isarray@0.0.1
22 silly idealTree │ ├── readable-stream@1.0.34
22 silly idealTree │ └── through2@0.6.5
22 silly idealTree ├── gulp-rename@1.2.2
22 silly idealTree ├─┬ gulp-rev@3.0.1
22 silly idealTree │ ├── inherits@2.0.1
22 silly idealTree │ ├── isarray@0.0.1
22 silly idealTree │ ├── readable-stream@1.0.34
22 silly idealTree │ └── through2@0.6.5
22 silly idealTree ├─┬ gulp-sass@2.3.2
22 silly idealTree │ ├── lodash.clonedeep@4.5.0
22 silly idealTree │ └── vinyl-sourcemaps-apply@0.2.1
22 silly idealTree ├── gulp-size@1.3.0
22 silly idealTree ├─┬ gulp-sourcemaps@1.6.0
22 silly idealTree │ ├── graceful-fs@4.1.6
22 silly idealTree │ └── vinyl@1.2.0
22 silly idealTree ├─┬ gulp-uglify@1.5.4
22 silly idealTree │ └── vinyl-sourcemaps-apply@0.2.1
22 silly idealTree ├─┬ gulp-uncss@1.0.6
22 silly idealTree │ └── object-assign@4.1.0
22 silly idealTree ├─┬ gulp-usemin@0.3.24
22 silly idealTree │ ├── ansi-regex@0.2.1
22 silly idealTree │ ├── ansi-styles@1.1.0
22 silly idealTree │ ├── glob@4.0.6
22 silly idealTree │ ├── graceful-fs@3.0.11
22 silly idealTree │ ├─┬ gulp-concat@2.4.3
22 silly idealTree │ │ ├── gulp-util@3.0.7
22 silly idealTree │ │ └── through2@2.0.1
22 silly idealTree │ ├─┬ gulp-util@2.2.20
22 silly idealTree │ │ ├── chalk@0.5.1
22 silly idealTree │ │ ├── lodash._reinterpolate@2.4.1
22 silly idealTree │ │ ├── lodash.template@2.4.1
22 silly idealTree │ │ ├── minimist@0.2.0
22 silly idealTree │ │ └── vinyl@0.2.3
22 silly idealTree │ ├── has-ansi@0.1.0
22 silly idealTree │ ├── inherits@2.0.1
22 silly idealTree │ ├── isarray@0.0.1
22 silly idealTree │ ├── lodash.escape@2.4.1
22 silly idealTree │ ├── lodash.keys@2.4.1
22 silly idealTree │ ├─┬ lodash.templatesettings@2.4.1
22 silly idealTree │ │ └── lodash._reinterpolate@2.4.1
22 silly idealTree │ ├── minimatch@1.0.0
22 silly idealTree │ ├── object-assign@3.0.0
22 silly idealTree │ ├── strip-ansi@0.3.0
22 silly idealTree │ ├── supports-color@0.2.0
22 silly idealTree │ └─┬ through2@0.5.1
22 silly idealTree │   ├── readable-stream@1.0.34
22 silly idealTree │   └── xtend@3.0.0
22 silly idealTree ├─┬ gulp-util@3.0.7
22 silly idealTree │ └── object-assign@3.0.0
22 silly idealTree ├── gulp@3.9.1
22 silly idealTree ├── gulplog@1.0.0
22 silly idealTree ├── gzip-size@1.0.0
22 silly idealTree ├── har-validator@2.0.6
22 silly idealTree ├── has-ansi@2.0.0
22 silly idealTree ├─┬ has-binary@0.1.7
22 silly idealTree │ └── isarray@0.0.1
22 silly idealTree ├── has-color@0.1.7
22 silly idealTree ├── has-cors@1.1.0
22 silly idealTree ├── has-flag@1.0.0
22 silly idealTree ├── has-gulplog@0.1.0
22 silly idealTree ├── has-unicode@2.0.1
22 silly idealTree ├── hasha@2.2.0
22 silly idealTree ├── hawk@3.1.3
22 silly idealTree ├── hoek@2.16.3
22 silly idealTree ├── hosted-git-info@2.1.5
22 silly idealTree ├── html-tags@1.1.1
22 silly idealTree ├─┬ htmlparser2@3.9.1
22 silly idealTree │ └── inherits@2.0.1
22 silly idealTree ├─┬ http-errors@1.5.0
22 silly idealTree │ └── inherits@2.0.1
22 silly idealTree ├── http-proxy@1.14.0
22 silly idealTree ├── http-signature@0.11.0
22 silly idealTree ├── iconv-lite@0.4.4
22 silly idealTree ├─┬ imagemin-gifsicle@4.2.0
22 silly idealTree │ ├── inherits@2.0.1
22 silly idealTree │ ├── isarray@0.0.1
22 silly idealTree │ ├── readable-stream@1.0.34
22 silly idealTree │ └── through2@0.6.5
22 silly idealTree ├── imagemin-jpegtran@4.3.2
22 silly idealTree ├─┬ imagemin-optipng@4.3.0
22 silly idealTree │ ├── inherits@2.0.1
22 silly idealTree │ ├── isarray@0.0.1
22 silly idealTree │ ├── readable-stream@1.0.34
22 silly idealTree │ └── through2@0.6.5
22 silly idealTree ├── imagemin-svgo@4.2.1
22 silly idealTree ├─┬ imagemin@4.0.0
22 silly idealTree │ ├─┬ glob-stream@5.3.4
22 silly idealTree │ │ ├── readable-stream@1.0.34
22 silly idealTree │ │ └── through2@0.6.5
22 silly idealTree │ ├── glob@5.0.15
22 silly idealTree │ ├── graceful-fs@4.1.6
22 silly idealTree │ ├── inherits@2.0.1
22 silly idealTree │ ├── isarray@0.0.1
22 silly idealTree │ ├── merge-stream@1.0.0
22 silly idealTree │ ├── object-assign@4.1.0
22 silly idealTree │ ├── ordered-read-streams@0.3.0
22 silly idealTree │ ├── unique-stream@2.2.1
22 silly idealTree │ ├── vinyl-fs@2.4.3
22 silly idealTree │ └── vinyl@1.2.0
22 silly idealTree ├── immutable@3.8.1
22 silly idealTree ├── in-publish@2.0.0
22 silly idealTree ├── indent-string@1.2.2
22 silly idealTree ├── indexof@0.0.1
22 silly idealTree ├── inflight@1.0.5
22 silly idealTree ├── inherits@1.0.2
22 silly idealTree ├── ini@1.3.4
22 silly idealTree ├── interpret@1.0.1
22 silly idealTree ├── invert-kv@1.0.0
22 silly idealTree ├── ip-regex@1.0.3
22 silly idealTree ├── irregular-plurals@1.2.0
22 silly idealTree ├── is-absolute-url@2.0.0
22 silly idealTree ├─┬ is-absolute@0.2.5
22 silly idealTree │ └── is-windows@0.1.1
22 silly idealTree ├── is-arrayish@0.2.1
22 silly idealTree ├── is-buffer@1.1.4
22 silly idealTree ├── is-builtin-module@1.0.0
22 silly idealTree ├── is-bzip2@1.0.0
22 silly idealTree ├── is-dotfile@1.0.2
22 silly idealTree ├── is-equal-shallow@0.1.3
22 silly idealTree ├── is-extendable@0.1.1
22 silly idealTree ├── is-extglob@1.0.0
22 silly idealTree ├── is-finite@1.0.1
22 silly idealTree ├── is-fullwidth-code-point@1.0.0
22 silly idealTree ├── is-gif@1.0.0
22 silly idealTree ├── is-glob@2.0.1
22 silly idealTree ├── is-gzip@1.0.0
22 silly idealTree ├── is-html@1.0.0
22 silly idealTree ├── is-jpg@1.0.0
22 silly idealTree ├── is-my-json-valid@2.13.1
22 silly idealTree ├── is-natural-number@2.1.1
22 silly idealTree ├── is-number@2.1.0
22 silly idealTree ├── is-obj@1.0.1
22 silly idealTree ├── is-path-cwd@1.0.0
22 silly idealTree ├── is-path-in-cwd@1.0.0
22 silly idealTree ├── is-path-inside@1.0.0
22 silly idealTree ├── is-plain-obj@1.1.0
22 silly idealTree ├── is-png@1.0.0
22 silly idealTree ├── is-posix-bracket@0.1.1
22 silly idealTree ├── is-primitive@2.0.0
22 silly idealTree ├── is-property@1.0.2
22 silly idealTree ├── is-redirect@1.0.0
22 silly idealTree ├── is-relative@0.2.1
22 silly idealTree ├── is-retry-allowed@1.1.0
22 silly idealTree ├── is-stream@1.1.0
22 silly idealTree ├── is-svg@1.1.1
22 silly idealTree ├── is-tar@1.0.0
22 silly idealTree ├── is-typedarray@1.0.0
22 silly idealTree ├── is-unc-path@0.1.1
22 silly idealTree ├── is-url@1.2.2
22 silly idealTree ├── is-utf8@0.2.1
22 silly idealTree ├── is-valid-glob@0.3.0
22 silly idealTree ├── is-windows@0.2.0
22 silly idealTree ├── is-zip@1.0.0
22 silly idealTree ├── is@3.1.0
22 silly idealTree ├── isarray@1.0.0
22 silly idealTree ├── isexe@1.1.2
22 silly idealTree ├── isobject@2.1.0
22 silly idealTree ├── isstream@0.1.2
22 silly idealTree ├── jodid25519@1.0.2
22 silly idealTree ├── jpegtran-bin@3.1.0
22 silly idealTree ├── js-base64@2.1.9
22 silly idealTree ├── js-string-escape@1.0.1
22 silly idealTree ├── js-yaml@3.6.1
22 silly idealTree ├── jsbn@0.1.0
22 silly idealTree ├── json-schema@0.2.2
22 silly idealTree ├── json-stable-stringify@1.0.1
22 silly idealTree ├── json-stringify-safe@5.0.1
22 silly idealTree ├── json3@3.2.6
22 silly idealTree ├── jsonfile@2.3.1
22 silly idealTree ├── jsonify@0.0.0
22 silly idealTree ├── jsonpointer@2.0.0
22 silly idealTree ├── jsprim@1.3.0
22 silly idealTree ├── kew@0.7.0
22 silly idealTree ├── kind-of@3.0.4
22 silly idealTree ├── klaw@1.3.0
22 silly idealTree ├── kuler@0.0.0
22 silly idealTree ├── lazy-cache@1.0.4
22 silly idealTree ├── lazy-req@1.1.0
22 silly idealTree ├── lazystream@1.0.0
22 silly idealTree ├── lcid@1.0.0
22 silly idealTree ├── liftoff@2.3.0
22 silly idealTree ├── linerstream@0.1.4
22 silly idealTree ├── livereload-js@2.2.2
22 silly idealTree ├─┬ load-json-file@1.1.0
22 silly idealTree │ └── graceful-fs@4.1.6
22 silly idealTree ├── localtunnel@1.8.1
22 silly idealTree ├── lodash._arraycopy@3.0.0
22 silly idealTree ├── lodash._arrayeach@3.0.0
22 silly idealTree ├── lodash._baseassign@3.2.0
22 silly idealTree ├── lodash._baseclone@4.5.7
22 silly idealTree ├── lodash._basecopy@3.0.1
22 silly idealTree ├── lodash._basefor@3.0.3
22 silly idealTree ├── lodash._basetostring@3.0.1
22 silly idealTree ├── lodash._basevalues@3.0.0
22 silly idealTree ├── lodash._bindcallback@3.0.1
22 silly idealTree ├── lodash._createassigner@3.1.1
22 silly idealTree ├── lodash._escapehtmlchar@2.4.1
22 silly idealTree ├── lodash._escapestringchar@2.4.1
22 silly idealTree ├── lodash._getnative@3.9.1
22 silly idealTree ├── lodash._htmlescapes@2.4.1
22 silly idealTree ├── lodash._isiterateecall@3.0.9
22 silly idealTree ├── lodash._isnative@2.4.1
22 silly idealTree ├── lodash._objecttypes@2.4.1
22 silly idealTree ├── lodash._reescape@3.0.0
22 silly idealTree ├── lodash._reevaluate@3.0.0
22 silly idealTree ├── lodash._reinterpolate@3.0.0
22 silly idealTree ├─┬ lodash._reunescapedhtml@2.4.1
22 silly idealTree │ └── lodash.keys@2.4.1
22 silly idealTree ├── lodash._root@3.0.1
22 silly idealTree ├── lodash._shimkeys@2.4.1
22 silly idealTree ├── lodash.assign@4.2.0
22 silly idealTree ├── lodash.assignwith@4.2.0
22 silly idealTree ├── lodash.clonedeep@4.3.1
22 silly idealTree ├─┬ lodash.defaults@2.4.1
22 silly idealTree │ └── lodash.keys@2.4.1
22 silly idealTree ├── lodash.escape@3.2.0
22 silly idealTree ├── lodash.isarguments@3.1.0
22 silly idealTree ├── lodash.isarray@3.0.4
22 silly idealTree ├── lodash.isempty@4.4.0
22 silly idealTree ├── lodash.isequal@4.4.0
22 silly idealTree ├── lodash.isobject@2.4.1
22 silly idealTree ├── lodash.isplainobject@4.0.6
22 silly idealTree ├── lodash.isstring@4.0.1
22 silly idealTree ├── lodash.keys@3.1.2
22 silly idealTree ├── lodash.mapvalues@4.6.0
22 silly idealTree ├── lodash.pick@4.4.0
22 silly idealTree ├── lodash.restparam@3.6.1
22 silly idealTree ├── lodash.template@3.6.2
22 silly idealTree ├── lodash.templatesettings@3.1.1
22 silly idealTree ├─┬ lodash.values@2.4.1
22 silly idealTree │ └── lodash.keys@2.4.1
22 silly idealTree ├── lodash@2.4.2
22 silly idealTree ├── logalot@2.1.0
22 silly idealTree ├── longest@1.0.1
22 silly idealTree ├── loud-rejection@1.6.0
22 silly idealTree ├── lowercase-keys@1.0.0
22 silly idealTree ├─┬ lpad-align@1.1.0
22 silly idealTree │ ├── camelcase-keys@2.1.0
22 silly idealTree │ ├── camelcase@2.1.1
22 silly idealTree │ ├── meow@3.7.0
22 silly idealTree │ └── object-assign@4.1.0
22 silly idealTree ├── lpad@2.0.1
22 silly idealTree ├── lru-cache@2.7.3
22 silly idealTree ├── lru-queue@0.1.0
22 silly idealTree ├── map-cache@0.2.2
22 silly idealTree ├── map-obj@1.0.1
22 silly idealTree ├── map-stream@0.1.0
22 silly idealTree ├─┬ marked-terminal@1.6.1
22 silly idealTree │ └── lodash.assign@3.2.0
22 silly idealTree ├── marked@0.3.6
22 silly idealTree ├── media-typer@0.3.0
22 silly idealTree ├── memoizee@0.3.10
22 silly idealTree ├── memory-cache@0.0.5
22 silly idealTree ├── meow@2.1.0
22 silly idealTree ├─┬ merge-stream@0.1.8
22 silly idealTree │ ├── inherits@2.0.1
22 silly idealTree │ ├── isarray@0.0.1
22 silly idealTree │ ├── readable-stream@1.0.34
22 silly idealTree │ └── through2@0.6.5
22 silly idealTree ├── micromatch@2.3.11
22 silly idealTree ├── mime-db@1.23.0
22 silly idealTree ├── mime-types@2.1.11
22 silly idealTree ├── mime@1.3.4
22 silly idealTree ├── minimatch@2.0.10
22 silly idealTree ├── minimist@1.2.0
22 silly idealTree ├─┬ minimize@1.8.1
22 silly idealTree │ └── async@1.5.2
22 silly idealTree ├─┬ mkdirp@0.5.1
22 silly idealTree │ └── minimist@0.0.8
22 silly idealTree ├── ms@0.7.1
22 silly idealTree ├─┬ multimatch@2.1.0
22 silly idealTree │ └── minimatch@3.0.3
22 silly idealTree ├── multipipe@0.1.2
22 silly idealTree ├── nan@2.4.0
22 silly idealTree ├── natives@1.1.0
22 silly idealTree ├── negotiator@0.6.1
22 silly idealTree ├── next-tick@0.2.2
22 silly idealTree ├── node-emoji@0.1.0
22 silly idealTree ├─┬ node-gyp@3.4.0
22 silly idealTree │ ├── glob@7.0.6
22 silly idealTree │ ├── graceful-fs@4.1.6
22 silly idealTree │ ├── inherits@2.0.1
22 silly idealTree │ └── minimatch@3.0.3
22 silly idealTree ├─┬ node-notifier@4.6.1
22 silly idealTree │ ├── lodash._baseclone@3.3.0
22 silly idealTree │ ├── lodash.clonedeep@3.0.2
22 silly idealTree │ └── semver@5.3.0
22 silly idealTree ├─┬ node-sass@3.8.0
22 silly idealTree │ ├── camelcase-keys@2.1.0
22 silly idealTree │ ├── camelcase@2.1.1
22 silly idealTree │ ├── gaze@1.1.1
22 silly idealTree │ ├── glob@7.0.6
22 silly idealTree │ ├── globule@1.0.0
22 silly idealTree │ ├── inherits@2.0.1
22 silly idealTree │ ├── lodash.clonedeep@4.5.0
22 silly idealTree │ ├── lodash@4.9.0
22 silly idealTree │ ├── meow@3.7.0
22 silly idealTree │ ├── minimatch@3.0.3
22 silly idealTree │ └── object-assign@4.1.0
22 silly idealTree ├── node-status-codes@1.0.0
22 silly idealTree ├── node-uuid@1.4.7
22 silly idealTree ├── node.extend@1.1.5
22 silly idealTree ├── nopt@3.0.6
22 silly idealTree ├── normalize-package-data@2.3.5
22 silly idealTree ├── normalize-path@2.0.1
22 silly idealTree ├── npmlog@3.1.2
22 silly idealTree ├── num2fraction@1.2.2
22 silly idealTree ├── number-is-nan@1.0.0
22 silly idealTree ├── oauth-sign@0.8.2
22 silly idealTree ├── object-assign@2.1.1
22 silly idealTree ├── object-component@0.0.3
22 silly idealTree ├── object-path@0.8.1
22 silly idealTree ├── object.omit@2.0.0
22 silly idealTree ├── on-finished@2.3.0
22 silly idealTree ├── once@1.3.3
22 silly idealTree ├── onetime@1.1.0
22 silly idealTree ├── openurl@1.1.0
22 silly idealTree ├── opn@1.0.2
22 silly idealTree ├─┬ opt-merger@1.1.1
22 silly idealTree │ └── lodash@3.10.1
22 silly idealTree ├── optional@0.1.3
22 silly idealTree ├── options@0.0.6
22 silly idealTree ├── optipng-bin@3.1.2
22 silly idealTree ├── orchestrator@0.3.7
22 silly idealTree ├── ordered-read-streams@0.1.0
22 silly idealTree ├── os-filter-obj@1.0.3
22 silly idealTree ├── os-homedir@1.0.1
22 silly idealTree ├── os-locale@1.4.0
22 silly idealTree ├── os-tmpdir@1.0.1
22 silly idealTree ├── osenv@0.1.3
22 silly idealTree ├── pako@0.2.9
22 silly idealTree ├── parse-filepath@1.0.1
22 silly idealTree ├── parse-glob@3.0.4
22 silly idealTree ├── parse-json@2.2.0
22 silly idealTree ├── parsejson@0.0.1
22 silly idealTree ├── parseqs@0.0.2
22 silly idealTree ├── parseuri@0.0.4
22 silly idealTree ├── parseurl@1.3.1
22 silly idealTree ├── path-array@1.0.1
22 silly idealTree ├── path-exists@2.1.0
22 silly idealTree ├── path-is-absolute@1.0.0
22 silly idealTree ├── path-is-inside@1.0.1
22 silly idealTree ├── path-root-regex@0.1.2
22 silly idealTree ├── path-root@0.1.1
22 silly idealTree ├─┬ path-type@1.1.0
22 silly idealTree │ └── graceful-fs@4.1.6
22 silly idealTree ├── pause-stream@0.0.11
22 silly idealTree ├── pend@1.2.0
22 silly idealTree ├─┬ phantomjs-prebuilt@2.1.12
22 silly idealTree │ ├── assert-plus@0.2.0
22 silly idealTree │ ├── bl@1.1.2
22 silly idealTree │ ├── es6-promise@3.2.1
22 silly idealTree │ ├── http-signature@1.1.1
22 silly idealTree │ ├── qs@6.2.1
22 silly idealTree │ ├── request@2.74.0
22 silly idealTree │ └── tough-cookie@2.3.1
22 silly idealTree ├── phridge@2.0.0
22 silly idealTree ├── pify@2.3.0
22 silly idealTree ├── pinkie-promise@2.0.1
22 silly idealTree ├── pinkie@2.0.4
22 silly idealTree ├─┬ plexer@0.0.3
22 silly idealTree │ ├── inherits@2.0.1
22 silly idealTree │ ├── isarray@0.0.1
22 silly idealTree │ └── readable-stream@1.1.14
22 silly idealTree ├── plur@2.1.2
22 silly idealTree ├── portscanner-plus@0.2.1
22 silly idealTree ├─┬ portscanner@1.0.0
22 silly idealTree │ └── async@0.1.15
22 silly idealTree ├─┬ postcss@4.1.16
22 silly idealTree │ └── source-map@0.4.4
22 silly idealTree ├── prepend-http@1.0.4
22 silly idealTree ├── preserve@0.2.0
22 silly idealTree ├─┬ pretty-bytes@2.0.1
22 silly idealTree │ ├── camelcase-keys@2.1.0
22 silly idealTree │ ├── camelcase@2.1.1
22 silly idealTree │ ├── meow@3.7.0
22 silly idealTree │ └── object-assign@4.1.0
22 silly idealTree ├── pretty-hrtime@1.0.2
22 silly idealTree ├── process-nextick-args@1.0.7
22 silly idealTree ├── progress@1.1.8
22 silly idealTree ├── pseudomap@1.0.2
22 silly idealTree ├── q@1.4.1
22 silly idealTree ├── qs@5.2.1
22 silly idealTree ├── randomatic@1.1.5
22 silly idealTree ├── range-parser@1.2.0
22 silly idealTree ├── raw-body@1.3.0
22 silly idealTree ├── rc@1.1.6
22 silly idealTree ├── read-all-stream@3.1.0
22 silly idealTree ├── read-pkg-up@1.0.1
22 silly idealTree ├── read-pkg@1.1.0
22 silly idealTree ├─┬ readable-stream@2.0.6
22 silly idealTree │ └── inherits@2.0.1
22 silly idealTree ├── rechoir@0.6.2
22 silly idealTree ├─┬ redent@1.0.0
22 silly idealTree │ ├── indent-string@2.1.0
22 silly idealTree │ └── repeating@2.0.1
22 silly idealTree ├─┬ redeyed@0.5.0
22 silly idealTree │ └── esprima-fb@12001.1.0-dev-harmony-fb
22 silly idealTree ├── regex-cache@0.4.3
22 silly idealTree ├── repeat-element@1.1.2
22 silly idealTree ├── repeat-string@1.5.4
22 silly idealTree ├── repeating@1.1.3
22 silly idealTree ├── replace-ext@0.0.1
22 silly idealTree ├── request-progress@2.0.1
22 silly idealTree ├── request@2.65.0
22 silly idealTree ├── require-directory@2.1.1
22 silly idealTree ├── require-main-filename@1.0.1
22 silly idealTree ├── requires-port@1.0.0
22 silly idealTree ├── resolve-dir@0.1.1
22 silly idealTree ├── resolve@1.1.7
22 silly idealTree ├── resp-modifier@1.0.2
22 silly idealTree ├── right-align@0.1.3
22 silly idealTree ├─┬ rimraf@2.5.4
22 silly idealTree │ ├── glob@7.0.6
22 silly idealTree │ ├── inherits@2.0.1
22 silly idealTree │ └── minimatch@3.0.3
22 silly idealTree ├── run-sequence@1.2.2
22 silly idealTree ├─┬ sass-graph@2.1.2
22 silly idealTree │ ├── glob@7.0.6
22 silly idealTree │ ├── inherits@2.0.1
22 silly idealTree │ ├── lodash@4.15.0
22 silly idealTree │ ├── minimatch@3.0.3
22 silly idealTree │ ├── window-size@0.2.0
22 silly idealTree │ └── yargs@4.8.1
22 silly idealTree ├── sax@1.2.1
22 silly idealTree ├─┬ seek-bzip@1.0.5
22 silly idealTree │ └── commander@2.8.1
22 silly idealTree ├── semver-regex@1.0.0
22 silly idealTree ├─┬ semver-truncate@1.1.2
22 silly idealTree │ └── semver@5.3.0
22 silly idealTree ├── semver@4.3.6
22 silly idealTree ├── send@0.14.1
22 silly idealTree ├── sequencify@0.0.7
22 silly idealTree ├── serve-index@1.8.0
22 silly idealTree ├── serve-static@1.11.1
22 silly idealTree ├── set-blocking@2.0.0
22 silly idealTree ├── set-immediate-shim@1.0.1
22 silly idealTree ├── setprototypeof@1.0.1
22 silly idealTree ├── shellwords@0.1.0
22 silly idealTree ├── sigmund@1.0.1
22 silly idealTree ├── signal-exit@3.0.0
22 silly idealTree ├── slash@1.0.0
22 silly idealTree ├── sntp@1.0.9
22 silly idealTree ├─┬ socket.io-adapter@0.4.0
22 silly idealTree │ ├── isarray@0.0.1
22 silly idealTree │ └─┬ socket.io-parser@2.2.2
22 silly idealTree │   └── debug@0.7.4
22 silly idealTree ├─┬ socket.io-client@1.4.8
22 silly idealTree │ └── component-emitter@1.2.0
22 silly idealTree ├─┬ socket.io-parser@2.2.6
22 silly idealTree │ ├── isarray@0.0.1
22 silly idealTree │ └── json3@3.3.2
22 silly idealTree ├── socket.io@1.4.8
22 silly idealTree ├── source-map@0.5.6
22 silly idealTree ├── sparkles@1.0.0
22 silly idealTree ├── spdx-correct@1.0.2
22 silly idealTree ├── spdx-expression-parse@1.0.3
22 silly idealTree ├── spdx-license-ids@1.2.2
22 silly idealTree ├── split@0.3.3
22 silly idealTree ├── sprintf-js@1.0.3
22 silly idealTree ├── squeak@1.3.0
22 silly idealTree ├─┬ sshpk@1.10.0
22 silly idealTree │ ├── asn1@0.2.3
22 silly idealTree │ └── assert-plus@1.0.0
22 silly idealTree ├── stat-mode@0.2.1
22 silly idealTree ├── statuses@1.3.0
22 silly idealTree ├── stream-combiner@0.0.4
22 silly idealTree ├─┬ stream-combiner2@1.1.1
22 silly idealTree │ └── duplexer2@0.1.4
22 silly idealTree ├── stream-consume@0.1.0
22 silly idealTree ├── stream-shift@1.0.0
22 silly idealTree ├── string_decoder@0.10.31
22 silly idealTree ├── string-width@1.0.2
22 silly idealTree ├── stringstream@0.0.5
22 silly idealTree ├── strip-ansi@3.0.1
22 silly idealTree ├── strip-bom-stream@1.0.0
22 silly idealTree ├── strip-bom@2.0.0
22 silly idealTree ├─┬ strip-dirs@1.1.1
22 silly idealTree │ ├── is-absolute@0.1.7
22 silly idealTree │ └── is-relative@0.1.3
22 silly idealTree ├── strip-indent@1.0.1
22 silly idealTree ├── strip-json-comments@1.0.4
22 silly idealTree ├── strip-outer@1.0.0
22 silly idealTree ├── sum-up@1.0.3
22 silly idealTree ├── supports-color@2.0.0
22 silly idealTree ├── svgo@0.6.6
22 silly idealTree ├─┬ tar-stream@1.5.2
22 silly idealTree │ └── end-of-stream@1.1.0
22 silly idealTree ├─┬ tar@2.2.1
22 silly idealTree │ └── inherits@2.0.1
22 silly idealTree ├─┬ temp@0.8.3
22 silly idealTree │ └── rimraf@2.2.8
22 silly idealTree ├── tempfile@1.1.1
22 silly idealTree ├── text-hex@0.0.0
22 silly idealTree ├─┬ tfunk@3.0.2
22 silly idealTree │ └── object-path@0.9.2
22 silly idealTree ├── throttleit@1.0.0
22 silly idealTree ├── through@2.3.8
22 silly idealTree ├── through2-concurrent@1.1.1
22 silly idealTree ├── through2-filter@2.0.0
22 silly idealTree ├── through2@2.0.1
22 silly idealTree ├── tildify@1.2.0
22 silly idealTree ├── time-stamp@1.0.1
22 silly idealTree ├── timed-out@2.0.0
22 silly idealTree ├── timers-ext@0.1.0
22 silly idealTree ├─┬ tiny-lr@0.1.7
22 silly idealTree │ ├── debug@2.0.0
22 silly idealTree │ ├── ms@0.6.2
22 silly idealTree │ └── qs@2.2.5
22 silly idealTree ├── to-absolute-glob@0.1.1
22 silly idealTree ├── to-array@0.1.4
22 silly idealTree ├── tough-cookie@2.2.2
22 silly idealTree ├── trim-newlines@1.0.0
22 silly idealTree ├── trim-repeated@1.0.0
22 silly idealTree ├── tunnel-agent@0.4.3
22 silly idealTree ├── tweetnacl@0.13.3
22 silly idealTree ├─┬ type-is@1.5.7
22 silly idealTree │ ├── mime-db@1.12.0
22 silly idealTree │ └── mime-types@2.0.14
22 silly idealTree ├── typedarray@0.0.6
22 silly idealTree ├── ua-parser-js@0.7.10
22 silly idealTree ├─┬ uglify-js@2.6.4
22 silly idealTree │ ├── async@0.2.10
22 silly idealTree │ ├── cliui@2.1.0
22 silly idealTree │ ├── window-size@0.1.0
22 silly idealTree │ └── yargs@3.10.0
22 silly idealTree ├── uglify-save-license@0.4.1
22 silly idealTree ├── uglify-to-browserify@1.0.2
22 silly idealTree ├── ultron@1.0.2
22 silly idealTree ├── unc-path-regex@0.1.2
22 silly idealTree ├─┬ uncss@0.14.1
22 silly idealTree │ ├── assert-plus@0.2.0
22 silly idealTree │ ├── async@1.5.2
22 silly idealTree │ ├── bluebird@3.1.5
22 silly idealTree │ ├── glob@6.0.4
22 silly idealTree │ ├── http-signature@1.1.1
22 silly idealTree │ ├── inherits@2.0.1
22 silly idealTree │ ├── lodash@4.0.1
22 silly idealTree │ ├── object-assign@4.1.0
22 silly idealTree │ ├── postcss@5.0.21
22 silly idealTree │ ├── qs@6.0.2
22 silly idealTree │ ├── request@2.69.0
22 silly idealTree │ └── supports-color@3.1.2
22 silly idealTree ├── unique-stream@1.0.0
22 silly idealTree ├── unpipe@1.0.0
22 silly idealTree ├── unzip-response@1.0.0
22 silly idealTree ├── url-parse-lax@1.0.0
22 silly idealTree ├── url-regex@3.2.0
22 silly idealTree ├── user-home@1.1.1
22 silly idealTree ├── utf8@2.1.0
22 silly idealTree ├── util-deprecate@1.0.2
22 silly idealTree ├── utils-merge@1.0.0
22 silly idealTree ├── uuid@2.0.2
22 silly idealTree ├── v8flags@2.0.11
22 silly idealTree ├── vali-date@1.0.0
22 silly idealTree ├── validate-npm-package-license@3.0.1
22 silly idealTree ├── verror@1.3.6
22 silly idealTree ├─┬ vinyl-assign@1.2.1
22 silly idealTree │ └── object-assign@4.1.0
22 silly idealTree ├─┬ vinyl-buffer@1.0.0
22 silly idealTree │ ├── bl@0.9.5
22 silly idealTree │ ├── inherits@2.0.1
22 silly idealTree │ ├── isarray@0.0.1
22 silly idealTree │ ├── readable-stream@1.0.34
22 silly idealTree │ └── through2@0.6.5
22 silly idealTree ├─┬ vinyl-file@1.3.0
22 silly idealTree │ ├── graceful-fs@4.1.6
22 silly idealTree │ └── vinyl@1.2.0
22 silly idealTree ├─┬ vinyl-fs@0.3.14
22 silly idealTree │ ├── clone@0.2.0
22 silly idealTree │ ├── glob-watcher@0.0.6
22 silly idealTree │ ├── graceful-fs@3.0.11
22 silly idealTree │ ├── inherits@2.0.1
22 silly idealTree │ ├── isarray@0.0.1
22 silly idealTree │ ├── readable-stream@1.0.34
22 silly idealTree │ ├── strip-bom@1.0.0
22 silly idealTree │ ├── through2@0.6.5
22 silly idealTree │ └── vinyl@0.4.6
22 silly idealTree ├─┬ vinyl-sourcemaps-apply@0.1.4
22 silly idealTree │ └── source-map@0.1.43
22 silly idealTree ├── vinyl@0.5.3
22 silly idealTree ├── ware@1.3.0
22 silly idealTree ├── watch@0.13.0
22 silly idealTree ├── websocket-driver@0.6.5
22 silly idealTree ├── websocket-extensions@0.1.1
22 silly idealTree ├── whet.extend@0.9.9
22 silly idealTree ├── which-module@1.0.0
22 silly idealTree ├── which@1.2.10
22 silly idealTree ├── wide-align@1.1.0
22 silly idealTree ├── window-size@0.1.4
22 silly idealTree ├── wordwrap@0.0.2
22 silly idealTree ├── wrap-ansi@2.0.0
22 silly idealTree ├── wrap-fn@0.1.5
22 silly idealTree ├── wrappy@1.0.2
22 silly idealTree ├── ws@1.1.0
22 silly idealTree ├── xmlhttprequest-ssl@1.5.1
22 silly idealTree ├── xtend@4.0.1
22 silly idealTree ├── y18n@3.2.1
22 silly idealTree ├── yallist@2.0.0
22 silly idealTree ├─┬ yargs-parser@2.4.1
22 silly idealTree │ └── camelcase@3.0.0
22 silly idealTree ├── yargs@3.29.0
22 silly idealTree ├── yauzl@2.6.0
22 silly idealTree └── yeast@0.1.2
23 silly generateActionsToTake Starting
24 silly install generateActionsToTake
25 silly generateActionsToTake Finishing
26 silly diffTrees action count 0
27 silly decomposeActions action count 0
28 silly executeActions Starting
29 silly install executeActions
30 silly doSerial global-install 0
31 silly doParallel fetch 0
32 verbose correctMkdir /Users/mikegarite/.npm/_locks correctMkdir not in flight; initializing
33 verbose lock using /Users/mikegarite/.npm/_locks/staging-ff2c47edfbec4f94.lock for /Applications/MAMP/htdocs/AngularJS-Boilerplate/node_modules/.staging
34 silly doParallel extract 0
35 silly doParallel preinstall 0
36 silly doReverseSerial remove 0
37 silly doSerial move 0
38 silly doSerial finalize 0
39 silly doSerial build 0
40 silly doSerial global-link 0
41 silly doParallel update-linked 0
42 silly doSerial install 0
43 silly doSerial postinstall 0
44 verbose unlock done using /Users/mikegarite/.npm/_locks/staging-ff2c47edfbec4f94.lock for /Applications/MAMP/htdocs/AngularJS-Boilerplate/node_modules/.staging
45 silly executeActions Finishing
46 silly rollbackFailedOptional Starting
47 silly rollbackFailedOptional Finishing
48 silly runTopLevelLifecycles Starting
49 silly install runTopLevelLifecycles
50 silly preinstall angularjs-boilerplate@1.1.7 /Applications/MAMP/htdocs/AngularJS-Boilerplate/angularjs-boilerplate-adba2ebd
51 info lifecycle angularjs-boilerplate@1.1.7~preinstall: angularjs-boilerplate@1.1.7
52 silly lifecycle angularjs-boilerplate@1.1.7~preinstall: no script for preinstall, continuing
53 silly build angularjs-boilerplate@1.1.7
54 info linkStuff angularjs-boilerplate@1.1.7
55 silly linkStuff angularjs-boilerplate@1.1.7 has /Applications/MAMP/htdocs as its parent node_modules
56 verbose linkBins angularjs-boilerplate@1.1.7
57 verbose linkMans angularjs-boilerplate@1.1.7
58 silly install angularjs-boilerplate@1.1.7 /Applications/MAMP/htdocs/AngularJS-Boilerplate/angularjs-boilerplate-adba2ebd
59 info lifecycle angularjs-boilerplate@1.1.7~install: angularjs-boilerplate@1.1.7
60 silly lifecycle angularjs-boilerplate@1.1.7~install: no script for install, continuing
61 silly postinstall angularjs-boilerplate@1.1.7 /Applications/MAMP/htdocs/AngularJS-Boilerplate/angularjs-boilerplate-adba2ebd
62 info lifecycle angularjs-boilerplate@1.1.7~postinstall: angularjs-boilerplate@1.1.7
63 verbose lifecycle angularjs-boilerplate@1.1.7~postinstall: unsafe-perm in lifecycle true
64 verbose lifecycle angularjs-boilerplate@1.1.7~postinstall: PATH: /usr/local/lib/node_modules/npm/bin/node-gyp-bin:/Applications/MAMP/htdocs/AngularJS-Boilerplate/node_modules/.bin:/usr/local/Cellar/node/6.3.0/bin:/Users/mikegarite/.rvm/gems/ruby-2.3.0/bin:/Users/mikegarite/.rvm/gems/ruby-2.3.0@global/bin:/Users/mikegarite/.rvm/rubies/ruby-2.3.0/bin:/usr/local/bin:/usr/bin:/bin:/usr/sbin:/sbin:/Users/mikegarite/.rvm/bin
65 verbose lifecycle angularjs-boilerplate@1.1.7~postinstall: CWD: /Applications/MAMP/htdocs/AngularJS-Boilerplate
66 silly lifecycle angularjs-boilerplate@1.1.7~postinstall: Args: [ '-c', 'bower install --no-interactive --allow-root' ]
67 silly lifecycle angularjs-boilerplate@1.1.7~postinstall: Returned: code: 1  signal: null
68 info lifecycle angularjs-boilerplate@1.1.7~postinstall: Failed to exec postinstall script
69 verbose stack Error: angularjs-boilerplate@1.1.7 postinstall: `bower install --no-interactive --allow-root`
69 verbose stack Exit status 1
69 verbose stack     at EventEmitter.<anonymous> (/usr/local/lib/node_modules/npm/lib/utils/lifecycle.js:242:16)
69 verbose stack     at emitTwo (events.js:106:13)
69 verbose stack     at EventEmitter.emit (events.js:191:7)
69 verbose stack     at ChildProcess.<anonymous> (/usr/local/lib/node_modules/npm/lib/utils/spawn.js:40:14)
69 verbose stack     at emitTwo (events.js:106:13)
69 verbose stack     at ChildProcess.emit (events.js:191:7)
69 verbose stack     at maybeClose (internal/child_process.js:852:16)
69 verbose stack     at Process.ChildProcess._handle.onexit (internal/child_process.js:215:5)
70 verbose pkgid angularjs-boilerplate@1.1.7
71 verbose cwd /Applications/MAMP/htdocs/AngularJS-Boilerplate
72 error Darwin 15.5.0
73 error argv "/usr/local/Cellar/node/6.3.0/bin/node" "/usr/local/bin/npm" "install"
74 error node v6.3.0
75 error npm  v3.10.3
76 error code ELIFECYCLE
77 error angularjs-boilerplate@1.1.7 postinstall: `bower install --no-interactive --allow-root`
77 error Exit status 1
78 error Failed at the angularjs-boilerplate@1.1.7 postinstall script 'bower install --no-interactive --allow-root'.
78 error Make sure you have the latest version of node.js and npm installed.
78 error If you do, this is most likely a problem with the angularjs-boilerplate package,
78 error not with npm itself.
78 error Tell the author that this fails on your system:
78 error     bower install --no-interactive --allow-root
78 error You can get information on how to open an issue for this project with:
78 error     npm bugs angularjs-boilerplate
78 error Or if that isn't available, you can get their info via:
78 error     npm owner ls angularjs-boilerplate
78 error There is likely additional logging output above.
79 verbose exit [ 1, true ]
